++ /nas/ucb/tutrinh/anaconda3/bin/conda shell.bash hook
+ eval 'export CONDA_EXE='\''/nas/ucb/tutrinh/anaconda3/bin/conda'\''
export _CE_M='\'''\''
export _CE_CONDA='\'''\''
export CONDA_PYTHON_EXE='\''/nas/ucb/tutrinh/anaconda3/bin/python'\''

# Copyright (C) 2012 Anaconda, Inc
# SPDX-License-Identifier: BSD-3-Clause
__conda_exe() (
    "$CONDA_EXE" $_CE_M $_CE_CONDA "$@"
)

__conda_hashr() {
    if [ -n "${ZSH_VERSION:+x}" ]; then
        \rehash
    elif [ -n "${POSH_VERSION:+x}" ]; then
        :  # pass
    else
        \hash -r
    fi
}

__conda_activate() {
    if [ -n "${CONDA_PS1_BACKUP:+x}" ]; then
        # Handle transition from shell activated with conda <= 4.3 to a subsequent activation
        # after conda updated to >= 4.4. See issue #6173.
        PS1="$CONDA_PS1_BACKUP"
        \unset CONDA_PS1_BACKUP
    fi
    \local ask_conda
    ask_conda="$(PS1="${PS1:-}" __conda_exe shell.posix "$@")" || \return
    \eval "$ask_conda"
    __conda_hashr
}

__conda_reactivate() {
    \local ask_conda
    ask_conda="$(PS1="${PS1:-}" __conda_exe shell.posix reactivate)" || \return
    \eval "$ask_conda"
    __conda_hashr
}

conda() {
    \local cmd="${1-__missing__}"
    case "$cmd" in
        activate|deactivate)
            __conda_activate "$@"
            ;;
        install|update|upgrade|remove|uninstall)
            __conda_exe "$@" || \return
            __conda_reactivate
            ;;
        *)
            __conda_exe "$@"
            ;;
    esac
}

if [ -z "${CONDA_SHLVL+x}" ]; then
    \export CONDA_SHLVL=0
    # In dev-mode CONDA_EXE is python.exe and on Windows
    # it is in a different relative location to condabin.
    if [ -n "${_CE_CONDA:+x}" ] && [ -n "${WINDIR+x}" ]; then
        PATH="$(\dirname "$CONDA_EXE")/condabin${PATH:+":${PATH}"}"
    else
        PATH="$(\dirname "$(\dirname "$CONDA_EXE")")/condabin${PATH:+":${PATH}"}"
    fi
    \export PATH

    # We'\''re not allowing PS1 to be unbound. It must at least be set.
    # However, we'\''re not exporting it, which can cause problems when starting a second shell
    # via a first shell (i.e. starting zsh from bash).
    if [ -z "${PS1+x}" ]; then
        PS1=
    fi
fi

conda activate base'
++ export CONDA_EXE=/nas/ucb/tutrinh/anaconda3/bin/conda
++ CONDA_EXE=/nas/ucb/tutrinh/anaconda3/bin/conda
++ export _CE_M=
++ _CE_M=
++ export _CE_CONDA=
++ _CE_CONDA=
++ export CONDA_PYTHON_EXE=/nas/ucb/tutrinh/anaconda3/bin/python
++ CONDA_PYTHON_EXE=/nas/ucb/tutrinh/anaconda3/bin/python
++ '[' -z x ']'
++ conda activate base
++ local cmd=activate
++ case "$cmd" in
++ __conda_activate activate base
++ '[' -n '' ']'
++ local ask_conda
+++ PS1=
+++ __conda_exe shell.posix activate base
+++ /nas/ucb/tutrinh/anaconda3/bin/conda shell.posix activate base
++ ask_conda='. "/nas/ucb/tutrinh/anaconda3/envs/ood/etc/conda/deactivate.d/glib_deactivate.sh"
. "/nas/ucb/tutrinh/anaconda3/envs/ood/etc/conda/deactivate.d/deactivate-gcc_linux-64.sh"
. "/nas/ucb/tutrinh/anaconda3/envs/ood/etc/conda/deactivate.d/deactivate-binutils_linux-64.sh"
PS1='\''(base) '\''
export PATH='\''/nas/ucb/tutrinh/anaconda3/bin:/home/tutrinh/.local/bin:/nas/ucb/tutrinh/anaconda3/condabin:/usr/local/sbin:/usr/local/bin:/usr/sbin:/usr/bin:/sbin:/bin:/usr/games:/usr/local/games:/home/tutrinh/.local/bin'\''
export CONDA_PREFIX='\''/nas/ucb/tutrinh/anaconda3'\''
export CONDA_SHLVL='\''2'\''
export CONDA_DEFAULT_ENV='\''base'\''
export CONDA_PROMPT_MODIFIER='\''(base) '\''
export CONDA_PREFIX_1='\''/nas/ucb/tutrinh/anaconda3/envs/ood'\''
export CONDA_EXE='\''/nas/ucb/tutrinh/anaconda3/bin/conda'\''
export _CE_M='\'''\''
export _CE_CONDA='\'''\''
export CONDA_PYTHON_EXE='\''/nas/ucb/tutrinh/anaconda3/bin/python'\'''
++ eval '. "/nas/ucb/tutrinh/anaconda3/envs/ood/etc/conda/deactivate.d/glib_deactivate.sh"
. "/nas/ucb/tutrinh/anaconda3/envs/ood/etc/conda/deactivate.d/deactivate-gcc_linux-64.sh"
. "/nas/ucb/tutrinh/anaconda3/envs/ood/etc/conda/deactivate.d/deactivate-binutils_linux-64.sh"
PS1='\''(base) '\''
export PATH='\''/nas/ucb/tutrinh/anaconda3/bin:/home/tutrinh/.local/bin:/nas/ucb/tutrinh/anaconda3/condabin:/usr/local/sbin:/usr/local/bin:/usr/sbin:/usr/bin:/sbin:/bin:/usr/games:/usr/local/games:/home/tutrinh/.local/bin'\''
export CONDA_PREFIX='\''/nas/ucb/tutrinh/anaconda3'\''
export CONDA_SHLVL='\''2'\''
export CONDA_DEFAULT_ENV='\''base'\''
export CONDA_PROMPT_MODIFIER='\''(base) '\''
export CONDA_PREFIX_1='\''/nas/ucb/tutrinh/anaconda3/envs/ood'\''
export CONDA_EXE='\''/nas/ucb/tutrinh/anaconda3/bin/conda'\''
export _CE_M='\'''\''
export _CE_CONDA='\'''\''
export CONDA_PYTHON_EXE='\''/nas/ucb/tutrinh/anaconda3/bin/python'\'''
+++ . /nas/ucb/tutrinh/anaconda3/envs/ood/etc/conda/deactivate.d/glib_deactivate.sh
++++ export GSETTINGS_SCHEMA_DIR=
++++ GSETTINGS_SCHEMA_DIR=
++++ unset GSETTINGS_SCHEMA_DIR_CONDA_BACKUP
++++ '[' -z ']'
++++ unset GSETTINGS_SCHEMA_DIR
+++ . /nas/ucb/tutrinh/anaconda3/envs/ood/etc/conda/deactivate.d/deactivate-gcc_linux-64.sh
++++ env
++++ _tc_activation deactivate host x86_64-conda_cos6-linux-gnu x86_64-conda_cos6-linux-gnu- cc cpp gcc gcc-ar gcc-nm gcc-ranlib 'CPPFLAGS,-D_FORTIFY_SOURCE=2 -O2' 'CFLAGS,-march=nocona -mtune=haswell -ftree-vectorize -fPIC -fstack-protector-strong -fno-plt -O2 -pipe' LDFLAGS,-Wl,-O2,--sort-common,--as-needed,-z,relro,-z,now 'DEBUG_CFLAGS,-march=nocona -mtune=haswell -ftree-vectorize -fPIC -fstack-protector-strong -fno-plt -O2 -pipe -Og -g -Wall -Wextra -fcheck=all -fbacktrace -fimplicit-none -fvar-tracking-assignments'
++++ local act_nature=deactivate
++++ shift
++++ local tc_nature=host
++++ shift
++++ local tc_machine=x86_64-conda_cos6-linux-gnu
++++ shift
++++ local tc_prefix=x86_64-conda_cos6-linux-gnu-
++++ shift
++++ local thing
++++ local newval
++++ local from
++++ local to
++++ local which
++++ local pass
++++ '[' deactivate = activate ']'
++++ from=CONDA_BACKUP_
++++ to=
++++ for pass in check apply
++++ for thing in $tc_nature,$tc_machine "$@"
++++ case "${thing}" in
+++++ echo host,x86_64-conda_cos6-linux-gnu
+++++ sed 's,^[^\,]*\,\(.*\),\1,'
++++ newval=x86_64-conda_cos6-linux-gnu
+++++ echo host,x86_64-conda_cos6-linux-gnu
+++++ sed 's,^\([^\,]*\)\,.*,\1,'
++++ thing=host
++++ '[' check = apply ']'
++++ for thing in $tc_nature,$tc_machine "$@"
++++ case "${thing}" in
+++++ which /nas/ucb/tutrinh/anaconda3/envs/ood/bin/x86_64-conda_cos6-linux-gnu-cc
++++ newval=/nas/ucb/tutrinh/anaconda3/envs/ood/bin/x86_64-conda_cos6-linux-gnu-cc
++++ '[' -z /nas/ucb/tutrinh/anaconda3/envs/ood/bin/x86_64-conda_cos6-linux-gnu-cc -a check = check ']'
++++ '[' check = apply ']'
++++ for thing in $tc_nature,$tc_machine "$@"
++++ case "${thing}" in
+++++ which /nas/ucb/tutrinh/anaconda3/envs/ood/bin/x86_64-conda_cos6-linux-gnu-cpp
++++ newval=/nas/ucb/tutrinh/anaconda3/envs/ood/bin/x86_64-conda_cos6-linux-gnu-cpp
++++ '[' -z /nas/ucb/tutrinh/anaconda3/envs/ood/bin/x86_64-conda_cos6-linux-gnu-cpp -a check = check ']'
++++ '[' check = apply ']'
++++ for thing in $tc_nature,$tc_machine "$@"
++++ case "${thing}" in
+++++ which /nas/ucb/tutrinh/anaconda3/envs/ood/bin/x86_64-conda_cos6-linux-gnu-gcc
++++ newval=/nas/ucb/tutrinh/anaconda3/envs/ood/bin/x86_64-conda_cos6-linux-gnu-gcc
++++ '[' -z /nas/ucb/tutrinh/anaconda3/envs/ood/bin/x86_64-conda_cos6-linux-gnu-gcc -a check = check ']'
++++ '[' check = apply ']'
++++ for thing in $tc_nature,$tc_machine "$@"
++++ case "${thing}" in
+++++ which /nas/ucb/tutrinh/anaconda3/envs/ood/bin/x86_64-conda_cos6-linux-gnu-gcc-ar
++++ newval=/nas/ucb/tutrinh/anaconda3/envs/ood/bin/x86_64-conda_cos6-linux-gnu-gcc-ar
++++ '[' -z /nas/ucb/tutrinh/anaconda3/envs/ood/bin/x86_64-conda_cos6-linux-gnu-gcc-ar -a check = check ']'
++++ '[' check = apply ']'
++++ for thing in $tc_nature,$tc_machine "$@"
++++ case "${thing}" in
+++++ which /nas/ucb/tutrinh/anaconda3/envs/ood/bin/x86_64-conda_cos6-linux-gnu-gcc-nm
++++ newval=/nas/ucb/tutrinh/anaconda3/envs/ood/bin/x86_64-conda_cos6-linux-gnu-gcc-nm
++++ '[' -z /nas/ucb/tutrinh/anaconda3/envs/ood/bin/x86_64-conda_cos6-linux-gnu-gcc-nm -a check = check ']'
++++ '[' check = apply ']'
++++ for thing in $tc_nature,$tc_machine "$@"
++++ case "${thing}" in
+++++ which /nas/ucb/tutrinh/anaconda3/envs/ood/bin/x86_64-conda_cos6-linux-gnu-gcc-ranlib
++++ newval=/nas/ucb/tutrinh/anaconda3/envs/ood/bin/x86_64-conda_cos6-linux-gnu-gcc-ranlib
++++ '[' -z /nas/ucb/tutrinh/anaconda3/envs/ood/bin/x86_64-conda_cos6-linux-gnu-gcc-ranlib -a check = check ']'
++++ '[' check = apply ']'
++++ for thing in $tc_nature,$tc_machine "$@"
++++ case "${thing}" in
+++++ echo 'CPPFLAGS,-D_FORTIFY_SOURCE=2 -O2'
+++++ sed 's,^[^\,]*\,\(.*\),\1,'
++++ newval='-D_FORTIFY_SOURCE=2 -O2'
+++++ echo 'CPPFLAGS,-D_FORTIFY_SOURCE=2 -O2'
+++++ sed 's,^\([^\,]*\)\,.*,\1,'
++++ thing=CPPFLAGS
++++ '[' check = apply ']'
++++ for thing in $tc_nature,$tc_machine "$@"
++++ case "${thing}" in
+++++ echo 'CFLAGS,-march=nocona -mtune=haswell -ftree-vectorize -fPIC -fstack-protector-strong -fno-plt -O2 -pipe'
+++++ sed 's,^[^\,]*\,\(.*\),\1,'
++++ newval='-march=nocona -mtune=haswell -ftree-vectorize -fPIC -fstack-protector-strong -fno-plt -O2 -pipe'
+++++ echo 'CFLAGS,-march=nocona -mtune=haswell -ftree-vectorize -fPIC -fstack-protector-strong -fno-plt -O2 -pipe'
+++++ sed 's,^\([^\,]*\)\,.*,\1,'
++++ thing=CFLAGS
++++ '[' check = apply ']'
++++ for thing in $tc_nature,$tc_machine "$@"
++++ case "${thing}" in
+++++ echo LDFLAGS,-Wl,-O2,--sort-common,--as-needed,-z,relro,-z,now
+++++ sed 's,^[^\,]*\,\(.*\),\1,'
++++ newval=-Wl,-O2,--sort-common,--as-needed,-z,relro,-z,now
+++++ echo LDFLAGS,-Wl,-O2,--sort-common,--as-needed,-z,relro,-z,now
+++++ sed 's,^\([^\,]*\)\,.*,\1,'
++++ thing=LDFLAGS
++++ '[' check = apply ']'
++++ for thing in $tc_nature,$tc_machine "$@"
++++ case "${thing}" in
+++++ echo 'DEBUG_CFLAGS,-march=nocona -mtune=haswell -ftree-vectorize -fPIC -fstack-protector-strong -fno-plt -O2 -pipe -Og -g -Wall -Wextra -fcheck=all -fbacktrace -fimplicit-none -fvar-tracking-assignments'
+++++ sed 's,^[^\,]*\,\(.*\),\1,'
++++ newval='-march=nocona -mtune=haswell -ftree-vectorize -fPIC -fstack-protector-strong -fno-plt -O2 -pipe -Og -g -Wall -Wextra -fcheck=all -fbacktrace -fimplicit-none -fvar-tracking-assignments'
+++++ echo 'DEBUG_CFLAGS,-march=nocona -mtune=haswell -ftree-vectorize -fPIC -fstack-protector-strong -fno-plt -O2 -pipe -Og -g -Wall -Wextra -fcheck=all -fbacktrace -fimplicit-none -fvar-tracking-assignments'
+++++ sed 's,^\([^\,]*\)\,.*,\1,'
++++ thing=DEBUG_CFLAGS
++++ '[' check = apply ']'
++++ for pass in check apply
++++ for thing in $tc_nature,$tc_machine "$@"
++++ case "${thing}" in
+++++ echo host,x86_64-conda_cos6-linux-gnu
+++++ sed 's,^[^\,]*\,\(.*\),\1,'
++++ newval=x86_64-conda_cos6-linux-gnu
+++++ echo host,x86_64-conda_cos6-linux-gnu
+++++ sed 's,^\([^\,]*\)\,.*,\1,'
++++ thing=host
++++ '[' apply = apply ']'
+++++ echo host
+++++ tr a-z+- A-ZX_
++++ thing=HOST
++++ eval 'oldval=$CONDA_BACKUP_HOST'
+++++ oldval=x86_64-conda_cos6-linux-gnu
++++ '[' -n x86_64-conda_cos6-linux-gnu ']'
++++ eval export ''\''HOST'\''="x86_64-conda_cos6-linux-gnu"'
+++++ export HOST=x86_64-conda_cos6-linux-gnu
+++++ HOST=x86_64-conda_cos6-linux-gnu
++++ '[' -n x86_64-conda_cos6-linux-gnu ']'
++++ eval export ''\''CONDA_BACKUP_HOST=x86_64-conda_cos6-linux-gnu'\'''
+++++ export CONDA_BACKUP_HOST=x86_64-conda_cos6-linux-gnu
+++++ CONDA_BACKUP_HOST=x86_64-conda_cos6-linux-gnu
++++ for thing in $tc_nature,$tc_machine "$@"
++++ case "${thing}" in
+++++ which /nas/ucb/tutrinh/anaconda3/envs/ood/bin/x86_64-conda_cos6-linux-gnu-cc
++++ newval=/nas/ucb/tutrinh/anaconda3/envs/ood/bin/x86_64-conda_cos6-linux-gnu-cc
++++ '[' -z /nas/ucb/tutrinh/anaconda3/envs/ood/bin/x86_64-conda_cos6-linux-gnu-cc -a apply = check ']'
++++ '[' apply = apply ']'
+++++ echo cc
+++++ tr a-z+- A-ZX_
++++ thing=CC
++++ eval 'oldval=$CONDA_BACKUP_CC'
+++++ oldval=
++++ '[' -n '' ']'
++++ eval unset '${to}${thing}'
+++++ unset CC
++++ '[' -n /nas/ucb/tutrinh/anaconda3/envs/ood/bin/x86_64-conda_cos6-linux-gnu-cc ']'
++++ eval export ''\''CONDA_BACKUP_CC=/nas/ucb/tutrinh/anaconda3/envs/ood/bin/x86_64-conda_cos6-linux-gnu-cc'\'''
+++++ export CONDA_BACKUP_CC=/nas/ucb/tutrinh/anaconda3/envs/ood/bin/x86_64-conda_cos6-linux-gnu-cc
+++++ CONDA_BACKUP_CC=/nas/ucb/tutrinh/anaconda3/envs/ood/bin/x86_64-conda_cos6-linux-gnu-cc
++++ for thing in $tc_nature,$tc_machine "$@"
++++ case "${thing}" in
+++++ which /nas/ucb/tutrinh/anaconda3/envs/ood/bin/x86_64-conda_cos6-linux-gnu-cpp
++++ newval=/nas/ucb/tutrinh/anaconda3/envs/ood/bin/x86_64-conda_cos6-linux-gnu-cpp
++++ '[' -z /nas/ucb/tutrinh/anaconda3/envs/ood/bin/x86_64-conda_cos6-linux-gnu-cpp -a apply = check ']'
++++ '[' apply = apply ']'
+++++ echo cpp
+++++ tr a-z+- A-ZX_
++++ thing=CPP
++++ eval 'oldval=$CONDA_BACKUP_CPP'
+++++ oldval=
++++ '[' -n '' ']'
++++ eval unset '${to}${thing}'
+++++ unset CPP
++++ '[' -n /nas/ucb/tutrinh/anaconda3/envs/ood/bin/x86_64-conda_cos6-linux-gnu-cpp ']'
++++ eval export ''\''CONDA_BACKUP_CPP=/nas/ucb/tutrinh/anaconda3/envs/ood/bin/x86_64-conda_cos6-linux-gnu-cpp'\'''
+++++ export CONDA_BACKUP_CPP=/nas/ucb/tutrinh/anaconda3/envs/ood/bin/x86_64-conda_cos6-linux-gnu-cpp
+++++ CONDA_BACKUP_CPP=/nas/ucb/tutrinh/anaconda3/envs/ood/bin/x86_64-conda_cos6-linux-gnu-cpp
++++ for thing in $tc_nature,$tc_machine "$@"
++++ case "${thing}" in
+++++ which /nas/ucb/tutrinh/anaconda3/envs/ood/bin/x86_64-conda_cos6-linux-gnu-gcc
++++ newval=/nas/ucb/tutrinh/anaconda3/envs/ood/bin/x86_64-conda_cos6-linux-gnu-gcc
++++ '[' -z /nas/ucb/tutrinh/anaconda3/envs/ood/bin/x86_64-conda_cos6-linux-gnu-gcc -a apply = check ']'
++++ '[' apply = apply ']'
+++++ echo gcc
+++++ tr a-z+- A-ZX_
++++ thing=GCC
++++ eval 'oldval=$CONDA_BACKUP_GCC'
+++++ oldval=
++++ '[' -n '' ']'
++++ eval unset '${to}${thing}'
+++++ unset GCC
++++ '[' -n /nas/ucb/tutrinh/anaconda3/envs/ood/bin/x86_64-conda_cos6-linux-gnu-gcc ']'
++++ eval export ''\''CONDA_BACKUP_GCC=/nas/ucb/tutrinh/anaconda3/envs/ood/bin/x86_64-conda_cos6-linux-gnu-gcc'\'''
+++++ export CONDA_BACKUP_GCC=/nas/ucb/tutrinh/anaconda3/envs/ood/bin/x86_64-conda_cos6-linux-gnu-gcc
+++++ CONDA_BACKUP_GCC=/nas/ucb/tutrinh/anaconda3/envs/ood/bin/x86_64-conda_cos6-linux-gnu-gcc
++++ for thing in $tc_nature,$tc_machine "$@"
++++ case "${thing}" in
+++++ which /nas/ucb/tutrinh/anaconda3/envs/ood/bin/x86_64-conda_cos6-linux-gnu-gcc-ar
++++ newval=/nas/ucb/tutrinh/anaconda3/envs/ood/bin/x86_64-conda_cos6-linux-gnu-gcc-ar
++++ '[' -z /nas/ucb/tutrinh/anaconda3/envs/ood/bin/x86_64-conda_cos6-linux-gnu-gcc-ar -a apply = check ']'
++++ '[' apply = apply ']'
+++++ echo gcc-ar
+++++ tr a-z+- A-ZX_
++++ thing=GCC_AR
++++ eval 'oldval=$CONDA_BACKUP_GCC_AR'
+++++ oldval=
++++ '[' -n '' ']'
++++ eval unset '${to}${thing}'
+++++ unset GCC_AR
++++ '[' -n /nas/ucb/tutrinh/anaconda3/envs/ood/bin/x86_64-conda_cos6-linux-gnu-gcc-ar ']'
++++ eval export ''\''CONDA_BACKUP_GCC_AR=/nas/ucb/tutrinh/anaconda3/envs/ood/bin/x86_64-conda_cos6-linux-gnu-gcc-ar'\'''
+++++ export CONDA_BACKUP_GCC_AR=/nas/ucb/tutrinh/anaconda3/envs/ood/bin/x86_64-conda_cos6-linux-gnu-gcc-ar
+++++ CONDA_BACKUP_GCC_AR=/nas/ucb/tutrinh/anaconda3/envs/ood/bin/x86_64-conda_cos6-linux-gnu-gcc-ar
++++ for thing in $tc_nature,$tc_machine "$@"
++++ case "${thing}" in
+++++ which /nas/ucb/tutrinh/anaconda3/envs/ood/bin/x86_64-conda_cos6-linux-gnu-gcc-nm
++++ newval=/nas/ucb/tutrinh/anaconda3/envs/ood/bin/x86_64-conda_cos6-linux-gnu-gcc-nm
++++ '[' -z /nas/ucb/tutrinh/anaconda3/envs/ood/bin/x86_64-conda_cos6-linux-gnu-gcc-nm -a apply = check ']'
++++ '[' apply = apply ']'
+++++ echo gcc-nm
+++++ tr a-z+- A-ZX_
++++ thing=GCC_NM
++++ eval 'oldval=$CONDA_BACKUP_GCC_NM'
+++++ oldval=
++++ '[' -n '' ']'
++++ eval unset '${to}${thing}'
+++++ unset GCC_NM
++++ '[' -n /nas/ucb/tutrinh/anaconda3/envs/ood/bin/x86_64-conda_cos6-linux-gnu-gcc-nm ']'
++++ eval export ''\''CONDA_BACKUP_GCC_NM=/nas/ucb/tutrinh/anaconda3/envs/ood/bin/x86_64-conda_cos6-linux-gnu-gcc-nm'\'''
+++++ export CONDA_BACKUP_GCC_NM=/nas/ucb/tutrinh/anaconda3/envs/ood/bin/x86_64-conda_cos6-linux-gnu-gcc-nm
+++++ CONDA_BACKUP_GCC_NM=/nas/ucb/tutrinh/anaconda3/envs/ood/bin/x86_64-conda_cos6-linux-gnu-gcc-nm
++++ for thing in $tc_nature,$tc_machine "$@"
++++ case "${thing}" in
+++++ which /nas/ucb/tutrinh/anaconda3/envs/ood/bin/x86_64-conda_cos6-linux-gnu-gcc-ranlib
++++ newval=/nas/ucb/tutrinh/anaconda3/envs/ood/bin/x86_64-conda_cos6-linux-gnu-gcc-ranlib
++++ '[' -z /nas/ucb/tutrinh/anaconda3/envs/ood/bin/x86_64-conda_cos6-linux-gnu-gcc-ranlib -a apply = check ']'
++++ '[' apply = apply ']'
+++++ echo gcc-ranlib
+++++ tr a-z+- A-ZX_
++++ thing=GCC_RANLIB
++++ eval 'oldval=$CONDA_BACKUP_GCC_RANLIB'
+++++ oldval=
++++ '[' -n '' ']'
++++ eval unset '${to}${thing}'
+++++ unset GCC_RANLIB
++++ '[' -n /nas/ucb/tutrinh/anaconda3/envs/ood/bin/x86_64-conda_cos6-linux-gnu-gcc-ranlib ']'
++++ eval export ''\''CONDA_BACKUP_GCC_RANLIB=/nas/ucb/tutrinh/anaconda3/envs/ood/bin/x86_64-conda_cos6-linux-gnu-gcc-ranlib'\'''
+++++ export CONDA_BACKUP_GCC_RANLIB=/nas/ucb/tutrinh/anaconda3/envs/ood/bin/x86_64-conda_cos6-linux-gnu-gcc-ranlib
+++++ CONDA_BACKUP_GCC_RANLIB=/nas/ucb/tutrinh/anaconda3/envs/ood/bin/x86_64-conda_cos6-linux-gnu-gcc-ranlib
++++ for thing in $tc_nature,$tc_machine "$@"
++++ case "${thing}" in
+++++ echo 'CPPFLAGS,-D_FORTIFY_SOURCE=2 -O2'
+++++ sed 's,^[^\,]*\,\(.*\),\1,'
++++ newval='-D_FORTIFY_SOURCE=2 -O2'
+++++ echo 'CPPFLAGS,-D_FORTIFY_SOURCE=2 -O2'
+++++ sed 's,^\([^\,]*\)\,.*,\1,'
++++ thing=CPPFLAGS
++++ '[' apply = apply ']'
+++++ echo CPPFLAGS
+++++ tr a-z+- A-ZX_
++++ thing=CPPFLAGS
++++ eval 'oldval=$CONDA_BACKUP_CPPFLAGS'
+++++ oldval=
++++ '[' -n '' ']'
++++ eval unset '${to}${thing}'
+++++ unset CPPFLAGS
++++ '[' -n '-D_FORTIFY_SOURCE=2 -O2' ']'
++++ eval export ''\''CONDA_BACKUP_CPPFLAGS=-D_FORTIFY_SOURCE=2 -O2'\'''
+++++ export 'CONDA_BACKUP_CPPFLAGS=-D_FORTIFY_SOURCE=2 -O2'
+++++ CONDA_BACKUP_CPPFLAGS='-D_FORTIFY_SOURCE=2 -O2'
++++ for thing in $tc_nature,$tc_machine "$@"
++++ case "${thing}" in
+++++ echo 'CFLAGS,-march=nocona -mtune=haswell -ftree-vectorize -fPIC -fstack-protector-strong -fno-plt -O2 -pipe'
+++++ sed 's,^[^\,]*\,\(.*\),\1,'
++++ newval='-march=nocona -mtune=haswell -ftree-vectorize -fPIC -fstack-protector-strong -fno-plt -O2 -pipe'
+++++ echo 'CFLAGS,-march=nocona -mtune=haswell -ftree-vectorize -fPIC -fstack-protector-strong -fno-plt -O2 -pipe'
+++++ sed 's,^\([^\,]*\)\,.*,\1,'
++++ thing=CFLAGS
++++ '[' apply = apply ']'
+++++ echo CFLAGS
+++++ tr a-z+- A-ZX_
++++ thing=CFLAGS
++++ eval 'oldval=$CONDA_BACKUP_CFLAGS'
+++++ oldval=
++++ '[' -n '' ']'
++++ eval unset '${to}${thing}'
+++++ unset CFLAGS
++++ '[' -n '-march=nocona -mtune=haswell -ftree-vectorize -fPIC -fstack-protector-strong -fno-plt -O2 -pipe' ']'
++++ eval export ''\''CONDA_BACKUP_CFLAGS=-march=nocona -mtune=haswell -ftree-vectorize -fPIC -fstack-protector-strong -fno-plt -O2 -pipe'\'''
+++++ export 'CONDA_BACKUP_CFLAGS=-march=nocona -mtune=haswell -ftree-vectorize -fPIC -fstack-protector-strong -fno-plt -O2 -pipe'
+++++ CONDA_BACKUP_CFLAGS='-march=nocona -mtune=haswell -ftree-vectorize -fPIC -fstack-protector-strong -fno-plt -O2 -pipe'
++++ for thing in $tc_nature,$tc_machine "$@"
++++ case "${thing}" in
+++++ echo LDFLAGS,-Wl,-O2,--sort-common,--as-needed,-z,relro,-z,now
+++++ sed 's,^[^\,]*\,\(.*\),\1,'
++++ newval=-Wl,-O2,--sort-common,--as-needed,-z,relro,-z,now
+++++ echo LDFLAGS,-Wl,-O2,--sort-common,--as-needed,-z,relro,-z,now
+++++ sed 's,^\([^\,]*\)\,.*,\1,'
++++ thing=LDFLAGS
++++ '[' apply = apply ']'
+++++ echo LDFLAGS
+++++ tr a-z+- A-ZX_
++++ thing=LDFLAGS
++++ eval 'oldval=$CONDA_BACKUP_LDFLAGS'
+++++ oldval=
++++ '[' -n '' ']'
++++ eval unset '${to}${thing}'
+++++ unset LDFLAGS
++++ '[' -n -Wl,-O2,--sort-common,--as-needed,-z,relro,-z,now ']'
++++ eval export ''\''CONDA_BACKUP_LDFLAGS=-Wl,-O2,--sort-common,--as-needed,-z,relro,-z,now'\'''
+++++ export CONDA_BACKUP_LDFLAGS=-Wl,-O2,--sort-common,--as-needed,-z,relro,-z,now
+++++ CONDA_BACKUP_LDFLAGS=-Wl,-O2,--sort-common,--as-needed,-z,relro,-z,now
++++ for thing in $tc_nature,$tc_machine "$@"
++++ case "${thing}" in
+++++ echo 'DEBUG_CFLAGS,-march=nocona -mtune=haswell -ftree-vectorize -fPIC -fstack-protector-strong -fno-plt -O2 -pipe -Og -g -Wall -Wextra -fcheck=all -fbacktrace -fimplicit-none -fvar-tracking-assignments'
+++++ sed 's,^[^\,]*\,\(.*\),\1,'
++++ newval='-march=nocona -mtune=haswell -ftree-vectorize -fPIC -fstack-protector-strong -fno-plt -O2 -pipe -Og -g -Wall -Wextra -fcheck=all -fbacktrace -fimplicit-none -fvar-tracking-assignments'
+++++ echo 'DEBUG_CFLAGS,-march=nocona -mtune=haswell -ftree-vectorize -fPIC -fstack-protector-strong -fno-plt -O2 -pipe -Og -g -Wall -Wextra -fcheck=all -fbacktrace -fimplicit-none -fvar-tracking-assignments'
+++++ sed 's,^\([^\,]*\)\,.*,\1,'
++++ thing=DEBUG_CFLAGS
++++ '[' apply = apply ']'
+++++ echo DEBUG_CFLAGS
+++++ tr a-z+- A-ZX_
++++ thing=DEBUG_CFLAGS
++++ eval 'oldval=$CONDA_BACKUP_DEBUG_CFLAGS'
+++++ oldval=
++++ '[' -n '' ']'
++++ eval unset '${to}${thing}'
+++++ unset DEBUG_CFLAGS
++++ '[' -n '-march=nocona -mtune=haswell -ftree-vectorize -fPIC -fstack-protector-strong -fno-plt -O2 -pipe -Og -g -Wall -Wextra -fcheck=all -fbacktrace -fimplicit-none -fvar-tracking-assignments' ']'
++++ eval export ''\''CONDA_BACKUP_DEBUG_CFLAGS=-march=nocona -mtune=haswell -ftree-vectorize -fPIC -fstack-protector-strong -fno-plt -O2 -pipe -Og -g -Wall -Wextra -fcheck=all -fbacktrace -fimplicit-none -fvar-tracking-assignments'\'''
+++++ export 'CONDA_BACKUP_DEBUG_CFLAGS=-march=nocona -mtune=haswell -ftree-vectorize -fPIC -fstack-protector-strong -fno-plt -O2 -pipe -Og -g -Wall -Wextra -fcheck=all -fbacktrace -fimplicit-none -fvar-tracking-assignments'
+++++ CONDA_BACKUP_DEBUG_CFLAGS='-march=nocona -mtune=haswell -ftree-vectorize -fPIC -fstack-protector-strong -fno-plt -O2 -pipe -Og -g -Wall -Wextra -fcheck=all -fbacktrace -fimplicit-none -fvar-tracking-assignments'
++++ return 0
++++ '[' 0 -ne 0 ']'
++++ env
+++++ _get_sourced_filename
+++++ '[' -n /nas/ucb/tutrinh/anaconda3/envs/ood/etc/conda/deactivate.d/deactivate-gcc_linux-64.sh ']'
+++++ basename /nas/ucb/tutrinh/anaconda3/envs/ood/etc/conda/deactivate.d/deactivate-gcc_linux-64.sh
++++ echo 'INFO: deactivate-gcc_linux-64.sh made the following environmental changes:'
INFO: deactivate-gcc_linux-64.sh made the following environmental changes:
++++ tail -n +4
++++ diff -U 0 -rN /tmp/old-env-2305678.txt /tmp/new-env-2305678.txt
++++ grep '^-.*\|^+.*'
++++ sort
++++ grep -v CONDA_BACKUP_
-CC=/nas/ucb/tutrinh/anaconda3/envs/ood/bin/x86_64-conda_cos6-linux-gnu-cc
-CFLAGS=-march=nocona -mtune=haswell -ftree-vectorize -fPIC -fstack-protector-strong -fno-plt -O2 -pipe
-CPPFLAGS=-D_FORTIFY_SOURCE=2 -O2
-CPP=/nas/ucb/tutrinh/anaconda3/envs/ood/bin/x86_64-conda_cos6-linux-gnu-cpp
-DEBUG_CFLAGS=-march=nocona -mtune=haswell -ftree-vectorize -fPIC -fstack-protector-strong -fno-plt -O2 -pipe -Og -g -Wall -Wextra -fcheck=all -fbacktrace -fimplicit-none -fvar-tracking-assignments
-GCC_AR=/nas/ucb/tutrinh/anaconda3/envs/ood/bin/x86_64-conda_cos6-linux-gnu-gcc-ar
-GCC=/nas/ucb/tutrinh/anaconda3/envs/ood/bin/x86_64-conda_cos6-linux-gnu-gcc
-GCC_NM=/nas/ucb/tutrinh/anaconda3/envs/ood/bin/x86_64-conda_cos6-linux-gnu-gcc-nm
-GCC_RANLIB=/nas/ucb/tutrinh/anaconda3/envs/ood/bin/x86_64-conda_cos6-linux-gnu-gcc-ranlib
-LDFLAGS=-Wl,-O2,--sort-common,--as-needed,-z,relro,-z,now
+++ . /nas/ucb/tutrinh/anaconda3/envs/ood/etc/conda/deactivate.d/deactivate-binutils_linux-64.sh
++++ env
++++ _tc_activation deactivate host x86_64-conda_cos6-linux-gnu x86_64-conda_cos6-linux-gnu- addr2line ar as c++filt elfedit gprof ld ld.gold nm objcopy objdump ranlib readelf size strings strip
++++ local act_nature=deactivate
++++ shift
++++ local tc_nature=host
++++ shift
++++ local tc_machine=x86_64-conda_cos6-linux-gnu
++++ shift
++++ local tc_prefix=x86_64-conda_cos6-linux-gnu-
++++ shift
++++ local thing
++++ local newval
++++ local from
++++ local to
++++ local which
++++ local pass
++++ '[' deactivate = activate ']'
++++ from=CONDA_BACKUP_
++++ to=
++++ for pass in check apply
++++ for thing in $tc_nature,$tc_machine "$@"
++++ case "${thing}" in
+++++ echo host,x86_64-conda_cos6-linux-gnu
+++++ sed 's,^[^\,]*\,\(.*\),\1,'
++++ newval=x86_64-conda_cos6-linux-gnu
+++++ echo host,x86_64-conda_cos6-linux-gnu
+++++ sed 's,^\([^\,]*\)\,.*,\1,'
++++ thing=host
++++ '[' check = apply ']'
++++ for thing in $tc_nature,$tc_machine "$@"
++++ case "${thing}" in
+++++ which /nas/ucb/tutrinh/anaconda3/envs/ood/bin/x86_64-conda_cos6-linux-gnu-addr2line
++++ newval=/nas/ucb/tutrinh/anaconda3/envs/ood/bin/x86_64-conda_cos6-linux-gnu-addr2line
++++ '[' -z /nas/ucb/tutrinh/anaconda3/envs/ood/bin/x86_64-conda_cos6-linux-gnu-addr2line -a check = check ']'
++++ '[' check = apply ']'
++++ for thing in $tc_nature,$tc_machine "$@"
++++ case "${thing}" in
+++++ which /nas/ucb/tutrinh/anaconda3/envs/ood/bin/x86_64-conda_cos6-linux-gnu-ar
++++ newval=/nas/ucb/tutrinh/anaconda3/envs/ood/bin/x86_64-conda_cos6-linux-gnu-ar
++++ '[' -z /nas/ucb/tutrinh/anaconda3/envs/ood/bin/x86_64-conda_cos6-linux-gnu-ar -a check = check ']'
++++ '[' check = apply ']'
++++ for thing in $tc_nature,$tc_machine "$@"
++++ case "${thing}" in
+++++ which /nas/ucb/tutrinh/anaconda3/envs/ood/bin/x86_64-conda_cos6-linux-gnu-as
++++ newval=/nas/ucb/tutrinh/anaconda3/envs/ood/bin/x86_64-conda_cos6-linux-gnu-as
++++ '[' -z /nas/ucb/tutrinh/anaconda3/envs/ood/bin/x86_64-conda_cos6-linux-gnu-as -a check = check ']'
++++ '[' check = apply ']'
++++ for thing in $tc_nature,$tc_machine "$@"
++++ case "${thing}" in
+++++ which /nas/ucb/tutrinh/anaconda3/envs/ood/bin/x86_64-conda_cos6-linux-gnu-c++filt
++++ newval=/nas/ucb/tutrinh/anaconda3/envs/ood/bin/x86_64-conda_cos6-linux-gnu-c++filt
++++ '[' -z /nas/ucb/tutrinh/anaconda3/envs/ood/bin/x86_64-conda_cos6-linux-gnu-c++filt -a check = check ']'
++++ '[' check = apply ']'
++++ for thing in $tc_nature,$tc_machine "$@"
++++ case "${thing}" in
+++++ which /nas/ucb/tutrinh/anaconda3/envs/ood/bin/x86_64-conda_cos6-linux-gnu-elfedit
++++ newval=/nas/ucb/tutrinh/anaconda3/envs/ood/bin/x86_64-conda_cos6-linux-gnu-elfedit
++++ '[' -z /nas/ucb/tutrinh/anaconda3/envs/ood/bin/x86_64-conda_cos6-linux-gnu-elfedit -a check = check ']'
++++ '[' check = apply ']'
++++ for thing in $tc_nature,$tc_machine "$@"
++++ case "${thing}" in
+++++ which /nas/ucb/tutrinh/anaconda3/envs/ood/bin/x86_64-conda_cos6-linux-gnu-gprof
++++ newval=/nas/ucb/tutrinh/anaconda3/envs/ood/bin/x86_64-conda_cos6-linux-gnu-gprof
++++ '[' -z /nas/ucb/tutrinh/anaconda3/envs/ood/bin/x86_64-conda_cos6-linux-gnu-gprof -a check = check ']'
++++ '[' check = apply ']'
++++ for thing in $tc_nature,$tc_machine "$@"
++++ case "${thing}" in
+++++ which /nas/ucb/tutrinh/anaconda3/envs/ood/bin/x86_64-conda_cos6-linux-gnu-ld
++++ newval=/nas/ucb/tutrinh/anaconda3/envs/ood/bin/x86_64-conda_cos6-linux-gnu-ld
++++ '[' -z /nas/ucb/tutrinh/anaconda3/envs/ood/bin/x86_64-conda_cos6-linux-gnu-ld -a check = check ']'
++++ '[' check = apply ']'
++++ for thing in $tc_nature,$tc_machine "$@"
++++ case "${thing}" in
+++++ which /nas/ucb/tutrinh/anaconda3/envs/ood/bin/x86_64-conda_cos6-linux-gnu-ld.gold
++++ newval=/nas/ucb/tutrinh/anaconda3/envs/ood/bin/x86_64-conda_cos6-linux-gnu-ld.gold
++++ '[' -z /nas/ucb/tutrinh/anaconda3/envs/ood/bin/x86_64-conda_cos6-linux-gnu-ld.gold -a check = check ']'
++++ '[' check = apply ']'
++++ for thing in $tc_nature,$tc_machine "$@"
++++ case "${thing}" in
+++++ which /nas/ucb/tutrinh/anaconda3/envs/ood/bin/x86_64-conda_cos6-linux-gnu-nm
++++ newval=/nas/ucb/tutrinh/anaconda3/envs/ood/bin/x86_64-conda_cos6-linux-gnu-nm
++++ '[' -z /nas/ucb/tutrinh/anaconda3/envs/ood/bin/x86_64-conda_cos6-linux-gnu-nm -a check = check ']'
++++ '[' check = apply ']'
++++ for thing in $tc_nature,$tc_machine "$@"
++++ case "${thing}" in
+++++ which /nas/ucb/tutrinh/anaconda3/envs/ood/bin/x86_64-conda_cos6-linux-gnu-objcopy
++++ newval=/nas/ucb/tutrinh/anaconda3/envs/ood/bin/x86_64-conda_cos6-linux-gnu-objcopy
++++ '[' -z /nas/ucb/tutrinh/anaconda3/envs/ood/bin/x86_64-conda_cos6-linux-gnu-objcopy -a check = check ']'
++++ '[' check = apply ']'
++++ for thing in $tc_nature,$tc_machine "$@"
++++ case "${thing}" in
+++++ which /nas/ucb/tutrinh/anaconda3/envs/ood/bin/x86_64-conda_cos6-linux-gnu-objdump
++++ newval=/nas/ucb/tutrinh/anaconda3/envs/ood/bin/x86_64-conda_cos6-linux-gnu-objdump
++++ '[' -z /nas/ucb/tutrinh/anaconda3/envs/ood/bin/x86_64-conda_cos6-linux-gnu-objdump -a check = check ']'
++++ '[' check = apply ']'
++++ for thing in $tc_nature,$tc_machine "$@"
++++ case "${thing}" in
+++++ which /nas/ucb/tutrinh/anaconda3/envs/ood/bin/x86_64-conda_cos6-linux-gnu-ranlib
++++ newval=/nas/ucb/tutrinh/anaconda3/envs/ood/bin/x86_64-conda_cos6-linux-gnu-ranlib
++++ '[' -z /nas/ucb/tutrinh/anaconda3/envs/ood/bin/x86_64-conda_cos6-linux-gnu-ranlib -a check = check ']'
++++ '[' check = apply ']'
++++ for thing in $tc_nature,$tc_machine "$@"
++++ case "${thing}" in
+++++ which /nas/ucb/tutrinh/anaconda3/envs/ood/bin/x86_64-conda_cos6-linux-gnu-readelf
++++ newval=/nas/ucb/tutrinh/anaconda3/envs/ood/bin/x86_64-conda_cos6-linux-gnu-readelf
++++ '[' -z /nas/ucb/tutrinh/anaconda3/envs/ood/bin/x86_64-conda_cos6-linux-gnu-readelf -a check = check ']'
++++ '[' check = apply ']'
++++ for thing in $tc_nature,$tc_machine "$@"
++++ case "${thing}" in
+++++ which /nas/ucb/tutrinh/anaconda3/envs/ood/bin/x86_64-conda_cos6-linux-gnu-size
++++ newval=/nas/ucb/tutrinh/anaconda3/envs/ood/bin/x86_64-conda_cos6-linux-gnu-size
++++ '[' -z /nas/ucb/tutrinh/anaconda3/envs/ood/bin/x86_64-conda_cos6-linux-gnu-size -a check = check ']'
++++ '[' check = apply ']'
++++ for thing in $tc_nature,$tc_machine "$@"
++++ case "${thing}" in
+++++ which /nas/ucb/tutrinh/anaconda3/envs/ood/bin/x86_64-conda_cos6-linux-gnu-strings
++++ newval=/nas/ucb/tutrinh/anaconda3/envs/ood/bin/x86_64-conda_cos6-linux-gnu-strings
++++ '[' -z /nas/ucb/tutrinh/anaconda3/envs/ood/bin/x86_64-conda_cos6-linux-gnu-strings -a check = check ']'
++++ '[' check = apply ']'
++++ for thing in $tc_nature,$tc_machine "$@"
++++ case "${thing}" in
+++++ which /nas/ucb/tutrinh/anaconda3/envs/ood/bin/x86_64-conda_cos6-linux-gnu-strip
++++ newval=/nas/ucb/tutrinh/anaconda3/envs/ood/bin/x86_64-conda_cos6-linux-gnu-strip
++++ '[' -z /nas/ucb/tutrinh/anaconda3/envs/ood/bin/x86_64-conda_cos6-linux-gnu-strip -a check = check ']'
++++ '[' check = apply ']'
++++ for pass in check apply
++++ for thing in $tc_nature,$tc_machine "$@"
++++ case "${thing}" in
+++++ echo host,x86_64-conda_cos6-linux-gnu
+++++ sed 's,^[^\,]*\,\(.*\),\1,'
++++ newval=x86_64-conda_cos6-linux-gnu
+++++ echo host,x86_64-conda_cos6-linux-gnu
+++++ sed 's,^\([^\,]*\)\,.*,\1,'
++++ thing=host
++++ '[' apply = apply ']'
+++++ echo host
+++++ tr a-z+-. A-ZX__
++++ thing=HOST
++++ eval 'oldval=$CONDA_BACKUP_HOST'
+++++ oldval=x86_64-conda_cos6-linux-gnu
++++ '[' -n x86_64-conda_cos6-linux-gnu ']'
++++ eval export ''\''HOST'\''="x86_64-conda_cos6-linux-gnu"'
+++++ export HOST=x86_64-conda_cos6-linux-gnu
+++++ HOST=x86_64-conda_cos6-linux-gnu
++++ '[' -n x86_64-conda_cos6-linux-gnu ']'
++++ eval export ''\''CONDA_BACKUP_HOST=x86_64-conda_cos6-linux-gnu'\'''
+++++ export CONDA_BACKUP_HOST=x86_64-conda_cos6-linux-gnu
+++++ CONDA_BACKUP_HOST=x86_64-conda_cos6-linux-gnu
++++ for thing in $tc_nature,$tc_machine "$@"
++++ case "${thing}" in
+++++ which /nas/ucb/tutrinh/anaconda3/envs/ood/bin/x86_64-conda_cos6-linux-gnu-addr2line
++++ newval=/nas/ucb/tutrinh/anaconda3/envs/ood/bin/x86_64-conda_cos6-linux-gnu-addr2line
++++ '[' -z /nas/ucb/tutrinh/anaconda3/envs/ood/bin/x86_64-conda_cos6-linux-gnu-addr2line -a apply = check ']'
++++ '[' apply = apply ']'
+++++ echo addr2line
+++++ tr a-z+-. A-ZX__
++++ thing=ADDR2LINE
++++ eval 'oldval=$CONDA_BACKUP_ADDR2LINE'
+++++ oldval=
++++ '[' -n '' ']'
++++ eval unset '${to}${thing}'
+++++ unset ADDR2LINE
++++ '[' -n /nas/ucb/tutrinh/anaconda3/envs/ood/bin/x86_64-conda_cos6-linux-gnu-addr2line ']'
++++ eval export ''\''CONDA_BACKUP_ADDR2LINE=/nas/ucb/tutrinh/anaconda3/envs/ood/bin/x86_64-conda_cos6-linux-gnu-addr2line'\'''
+++++ export CONDA_BACKUP_ADDR2LINE=/nas/ucb/tutrinh/anaconda3/envs/ood/bin/x86_64-conda_cos6-linux-gnu-addr2line
+++++ CONDA_BACKUP_ADDR2LINE=/nas/ucb/tutrinh/anaconda3/envs/ood/bin/x86_64-conda_cos6-linux-gnu-addr2line
++++ for thing in $tc_nature,$tc_machine "$@"
++++ case "${thing}" in
+++++ which /nas/ucb/tutrinh/anaconda3/envs/ood/bin/x86_64-conda_cos6-linux-gnu-ar
++++ newval=/nas/ucb/tutrinh/anaconda3/envs/ood/bin/x86_64-conda_cos6-linux-gnu-ar
++++ '[' -z /nas/ucb/tutrinh/anaconda3/envs/ood/bin/x86_64-conda_cos6-linux-gnu-ar -a apply = check ']'
++++ '[' apply = apply ']'
+++++ echo ar
+++++ tr a-z+-. A-ZX__
++++ thing=AR
++++ eval 'oldval=$CONDA_BACKUP_AR'
+++++ oldval=
++++ '[' -n '' ']'
++++ eval unset '${to}${thing}'
+++++ unset AR
++++ '[' -n /nas/ucb/tutrinh/anaconda3/envs/ood/bin/x86_64-conda_cos6-linux-gnu-ar ']'
++++ eval export ''\''CONDA_BACKUP_AR=/nas/ucb/tutrinh/anaconda3/envs/ood/bin/x86_64-conda_cos6-linux-gnu-ar'\'''
+++++ export CONDA_BACKUP_AR=/nas/ucb/tutrinh/anaconda3/envs/ood/bin/x86_64-conda_cos6-linux-gnu-ar
+++++ CONDA_BACKUP_AR=/nas/ucb/tutrinh/anaconda3/envs/ood/bin/x86_64-conda_cos6-linux-gnu-ar
++++ for thing in $tc_nature,$tc_machine "$@"
++++ case "${thing}" in
+++++ which /nas/ucb/tutrinh/anaconda3/envs/ood/bin/x86_64-conda_cos6-linux-gnu-as
++++ newval=/nas/ucb/tutrinh/anaconda3/envs/ood/bin/x86_64-conda_cos6-linux-gnu-as
++++ '[' -z /nas/ucb/tutrinh/anaconda3/envs/ood/bin/x86_64-conda_cos6-linux-gnu-as -a apply = check ']'
++++ '[' apply = apply ']'
+++++ echo as
+++++ tr a-z+-. A-ZX__
++++ thing=AS
++++ eval 'oldval=$CONDA_BACKUP_AS'
+++++ oldval=
++++ '[' -n '' ']'
++++ eval unset '${to}${thing}'
+++++ unset AS
++++ '[' -n /nas/ucb/tutrinh/anaconda3/envs/ood/bin/x86_64-conda_cos6-linux-gnu-as ']'
++++ eval export ''\''CONDA_BACKUP_AS=/nas/ucb/tutrinh/anaconda3/envs/ood/bin/x86_64-conda_cos6-linux-gnu-as'\'''
+++++ export CONDA_BACKUP_AS=/nas/ucb/tutrinh/anaconda3/envs/ood/bin/x86_64-conda_cos6-linux-gnu-as
+++++ CONDA_BACKUP_AS=/nas/ucb/tutrinh/anaconda3/envs/ood/bin/x86_64-conda_cos6-linux-gnu-as
++++ for thing in $tc_nature,$tc_machine "$@"
++++ case "${thing}" in
+++++ which /nas/ucb/tutrinh/anaconda3/envs/ood/bin/x86_64-conda_cos6-linux-gnu-c++filt
++++ newval=/nas/ucb/tutrinh/anaconda3/envs/ood/bin/x86_64-conda_cos6-linux-gnu-c++filt
++++ '[' -z /nas/ucb/tutrinh/anaconda3/envs/ood/bin/x86_64-conda_cos6-linux-gnu-c++filt -a apply = check ']'
++++ '[' apply = apply ']'
+++++ echo c++filt
+++++ tr a-z+-. A-ZX__
++++ thing=CXXFILT
++++ eval 'oldval=$CONDA_BACKUP_CXXFILT'
+++++ oldval=
++++ '[' -n '' ']'
++++ eval unset '${to}${thing}'
+++++ unset CXXFILT
++++ '[' -n /nas/ucb/tutrinh/anaconda3/envs/ood/bin/x86_64-conda_cos6-linux-gnu-c++filt ']'
++++ eval export ''\''CONDA_BACKUP_CXXFILT=/nas/ucb/tutrinh/anaconda3/envs/ood/bin/x86_64-conda_cos6-linux-gnu-c++filt'\'''
+++++ export CONDA_BACKUP_CXXFILT=/nas/ucb/tutrinh/anaconda3/envs/ood/bin/x86_64-conda_cos6-linux-gnu-c++filt
+++++ CONDA_BACKUP_CXXFILT=/nas/ucb/tutrinh/anaconda3/envs/ood/bin/x86_64-conda_cos6-linux-gnu-c++filt
++++ for thing in $tc_nature,$tc_machine "$@"
++++ case "${thing}" in
+++++ which /nas/ucb/tutrinh/anaconda3/envs/ood/bin/x86_64-conda_cos6-linux-gnu-elfedit
++++ newval=/nas/ucb/tutrinh/anaconda3/envs/ood/bin/x86_64-conda_cos6-linux-gnu-elfedit
++++ '[' -z /nas/ucb/tutrinh/anaconda3/envs/ood/bin/x86_64-conda_cos6-linux-gnu-elfedit -a apply = check ']'
++++ '[' apply = apply ']'
+++++ echo elfedit
+++++ tr a-z+-. A-ZX__
++++ thing=ELFEDIT
++++ eval 'oldval=$CONDA_BACKUP_ELFEDIT'
+++++ oldval=
++++ '[' -n '' ']'
++++ eval unset '${to}${thing}'
+++++ unset ELFEDIT
++++ '[' -n /nas/ucb/tutrinh/anaconda3/envs/ood/bin/x86_64-conda_cos6-linux-gnu-elfedit ']'
++++ eval export ''\''CONDA_BACKUP_ELFEDIT=/nas/ucb/tutrinh/anaconda3/envs/ood/bin/x86_64-conda_cos6-linux-gnu-elfedit'\'''
+++++ export CONDA_BACKUP_ELFEDIT=/nas/ucb/tutrinh/anaconda3/envs/ood/bin/x86_64-conda_cos6-linux-gnu-elfedit
+++++ CONDA_BACKUP_ELFEDIT=/nas/ucb/tutrinh/anaconda3/envs/ood/bin/x86_64-conda_cos6-linux-gnu-elfedit
++++ for thing in $tc_nature,$tc_machine "$@"
++++ case "${thing}" in
+++++ which /nas/ucb/tutrinh/anaconda3/envs/ood/bin/x86_64-conda_cos6-linux-gnu-gprof
++++ newval=/nas/ucb/tutrinh/anaconda3/envs/ood/bin/x86_64-conda_cos6-linux-gnu-gprof
++++ '[' -z /nas/ucb/tutrinh/anaconda3/envs/ood/bin/x86_64-conda_cos6-linux-gnu-gprof -a apply = check ']'
++++ '[' apply = apply ']'
+++++ echo gprof
+++++ tr a-z+-. A-ZX__
++++ thing=GPROF
++++ eval 'oldval=$CONDA_BACKUP_GPROF'
+++++ oldval=
++++ '[' -n '' ']'
++++ eval unset '${to}${thing}'
+++++ unset GPROF
++++ '[' -n /nas/ucb/tutrinh/anaconda3/envs/ood/bin/x86_64-conda_cos6-linux-gnu-gprof ']'
++++ eval export ''\''CONDA_BACKUP_GPROF=/nas/ucb/tutrinh/anaconda3/envs/ood/bin/x86_64-conda_cos6-linux-gnu-gprof'\'''
+++++ export CONDA_BACKUP_GPROF=/nas/ucb/tutrinh/anaconda3/envs/ood/bin/x86_64-conda_cos6-linux-gnu-gprof
+++++ CONDA_BACKUP_GPROF=/nas/ucb/tutrinh/anaconda3/envs/ood/bin/x86_64-conda_cos6-linux-gnu-gprof
++++ for thing in $tc_nature,$tc_machine "$@"
++++ case "${thing}" in
+++++ which /nas/ucb/tutrinh/anaconda3/envs/ood/bin/x86_64-conda_cos6-linux-gnu-ld
++++ newval=/nas/ucb/tutrinh/anaconda3/envs/ood/bin/x86_64-conda_cos6-linux-gnu-ld
++++ '[' -z /nas/ucb/tutrinh/anaconda3/envs/ood/bin/x86_64-conda_cos6-linux-gnu-ld -a apply = check ']'
++++ '[' apply = apply ']'
+++++ echo ld
+++++ tr a-z+-. A-ZX__
++++ thing=LD
++++ eval 'oldval=$CONDA_BACKUP_LD'
+++++ oldval=
++++ '[' -n '' ']'
++++ eval unset '${to}${thing}'
+++++ unset LD
++++ '[' -n /nas/ucb/tutrinh/anaconda3/envs/ood/bin/x86_64-conda_cos6-linux-gnu-ld ']'
++++ eval export ''\''CONDA_BACKUP_LD=/nas/ucb/tutrinh/anaconda3/envs/ood/bin/x86_64-conda_cos6-linux-gnu-ld'\'''
+++++ export CONDA_BACKUP_LD=/nas/ucb/tutrinh/anaconda3/envs/ood/bin/x86_64-conda_cos6-linux-gnu-ld
+++++ CONDA_BACKUP_LD=/nas/ucb/tutrinh/anaconda3/envs/ood/bin/x86_64-conda_cos6-linux-gnu-ld
++++ for thing in $tc_nature,$tc_machine "$@"
++++ case "${thing}" in
+++++ which /nas/ucb/tutrinh/anaconda3/envs/ood/bin/x86_64-conda_cos6-linux-gnu-ld.gold
++++ newval=/nas/ucb/tutrinh/anaconda3/envs/ood/bin/x86_64-conda_cos6-linux-gnu-ld.gold
++++ '[' -z /nas/ucb/tutrinh/anaconda3/envs/ood/bin/x86_64-conda_cos6-linux-gnu-ld.gold -a apply = check ']'
++++ '[' apply = apply ']'
+++++ echo ld.gold
+++++ tr a-z+-. A-ZX__
++++ thing=LD_GOLD
++++ eval 'oldval=$CONDA_BACKUP_LD_GOLD'
+++++ oldval=
++++ '[' -n '' ']'
++++ eval unset '${to}${thing}'
+++++ unset LD_GOLD
++++ '[' -n /nas/ucb/tutrinh/anaconda3/envs/ood/bin/x86_64-conda_cos6-linux-gnu-ld.gold ']'
++++ eval export ''\''CONDA_BACKUP_LD_GOLD=/nas/ucb/tutrinh/anaconda3/envs/ood/bin/x86_64-conda_cos6-linux-gnu-ld.gold'\'''
+++++ export CONDA_BACKUP_LD_GOLD=/nas/ucb/tutrinh/anaconda3/envs/ood/bin/x86_64-conda_cos6-linux-gnu-ld.gold
+++++ CONDA_BACKUP_LD_GOLD=/nas/ucb/tutrinh/anaconda3/envs/ood/bin/x86_64-conda_cos6-linux-gnu-ld.gold
++++ for thing in $tc_nature,$tc_machine "$@"
++++ case "${thing}" in
+++++ which /nas/ucb/tutrinh/anaconda3/envs/ood/bin/x86_64-conda_cos6-linux-gnu-nm
++++ newval=/nas/ucb/tutrinh/anaconda3/envs/ood/bin/x86_64-conda_cos6-linux-gnu-nm
++++ '[' -z /nas/ucb/tutrinh/anaconda3/envs/ood/bin/x86_64-conda_cos6-linux-gnu-nm -a apply = check ']'
++++ '[' apply = apply ']'
+++++ echo nm
+++++ tr a-z+-. A-ZX__
++++ thing=NM
++++ eval 'oldval=$CONDA_BACKUP_NM'
+++++ oldval=
++++ '[' -n '' ']'
++++ eval unset '${to}${thing}'
+++++ unset NM
++++ '[' -n /nas/ucb/tutrinh/anaconda3/envs/ood/bin/x86_64-conda_cos6-linux-gnu-nm ']'
++++ eval export ''\''CONDA_BACKUP_NM=/nas/ucb/tutrinh/anaconda3/envs/ood/bin/x86_64-conda_cos6-linux-gnu-nm'\'''
+++++ export CONDA_BACKUP_NM=/nas/ucb/tutrinh/anaconda3/envs/ood/bin/x86_64-conda_cos6-linux-gnu-nm
+++++ CONDA_BACKUP_NM=/nas/ucb/tutrinh/anaconda3/envs/ood/bin/x86_64-conda_cos6-linux-gnu-nm
++++ for thing in $tc_nature,$tc_machine "$@"
++++ case "${thing}" in
+++++ which /nas/ucb/tutrinh/anaconda3/envs/ood/bin/x86_64-conda_cos6-linux-gnu-objcopy
++++ newval=/nas/ucb/tutrinh/anaconda3/envs/ood/bin/x86_64-conda_cos6-linux-gnu-objcopy
++++ '[' -z /nas/ucb/tutrinh/anaconda3/envs/ood/bin/x86_64-conda_cos6-linux-gnu-objcopy -a apply = check ']'
++++ '[' apply = apply ']'
+++++ echo objcopy
+++++ tr a-z+-. A-ZX__
++++ thing=OBJCOPY
++++ eval 'oldval=$CONDA_BACKUP_OBJCOPY'
+++++ oldval=
++++ '[' -n '' ']'
++++ eval unset '${to}${thing}'
+++++ unset OBJCOPY
++++ '[' -n /nas/ucb/tutrinh/anaconda3/envs/ood/bin/x86_64-conda_cos6-linux-gnu-objcopy ']'
++++ eval export ''\''CONDA_BACKUP_OBJCOPY=/nas/ucb/tutrinh/anaconda3/envs/ood/bin/x86_64-conda_cos6-linux-gnu-objcopy'\'''
+++++ export CONDA_BACKUP_OBJCOPY=/nas/ucb/tutrinh/anaconda3/envs/ood/bin/x86_64-conda_cos6-linux-gnu-objcopy
+++++ CONDA_BACKUP_OBJCOPY=/nas/ucb/tutrinh/anaconda3/envs/ood/bin/x86_64-conda_cos6-linux-gnu-objcopy
++++ for thing in $tc_nature,$tc_machine "$@"
++++ case "${thing}" in
+++++ which /nas/ucb/tutrinh/anaconda3/envs/ood/bin/x86_64-conda_cos6-linux-gnu-objdump
++++ newval=/nas/ucb/tutrinh/anaconda3/envs/ood/bin/x86_64-conda_cos6-linux-gnu-objdump
++++ '[' -z /nas/ucb/tutrinh/anaconda3/envs/ood/bin/x86_64-conda_cos6-linux-gnu-objdump -a apply = check ']'
++++ '[' apply = apply ']'
+++++ echo objdump
+++++ tr a-z+-. A-ZX__
++++ thing=OBJDUMP
++++ eval 'oldval=$CONDA_BACKUP_OBJDUMP'
+++++ oldval=
++++ '[' -n '' ']'
++++ eval unset '${to}${thing}'
+++++ unset OBJDUMP
++++ '[' -n /nas/ucb/tutrinh/anaconda3/envs/ood/bin/x86_64-conda_cos6-linux-gnu-objdump ']'
++++ eval export ''\''CONDA_BACKUP_OBJDUMP=/nas/ucb/tutrinh/anaconda3/envs/ood/bin/x86_64-conda_cos6-linux-gnu-objdump'\'''
+++++ export CONDA_BACKUP_OBJDUMP=/nas/ucb/tutrinh/anaconda3/envs/ood/bin/x86_64-conda_cos6-linux-gnu-objdump
+++++ CONDA_BACKUP_OBJDUMP=/nas/ucb/tutrinh/anaconda3/envs/ood/bin/x86_64-conda_cos6-linux-gnu-objdump
++++ for thing in $tc_nature,$tc_machine "$@"
++++ case "${thing}" in
+++++ which /nas/ucb/tutrinh/anaconda3/envs/ood/bin/x86_64-conda_cos6-linux-gnu-ranlib
++++ newval=/nas/ucb/tutrinh/anaconda3/envs/ood/bin/x86_64-conda_cos6-linux-gnu-ranlib
++++ '[' -z /nas/ucb/tutrinh/anaconda3/envs/ood/bin/x86_64-conda_cos6-linux-gnu-ranlib -a apply = check ']'
++++ '[' apply = apply ']'
+++++ echo ranlib
+++++ tr a-z+-. A-ZX__
++++ thing=RANLIB
++++ eval 'oldval=$CONDA_BACKUP_RANLIB'
+++++ oldval=
++++ '[' -n '' ']'
++++ eval unset '${to}${thing}'
+++++ unset RANLIB
++++ '[' -n /nas/ucb/tutrinh/anaconda3/envs/ood/bin/x86_64-conda_cos6-linux-gnu-ranlib ']'
++++ eval export ''\''CONDA_BACKUP_RANLIB=/nas/ucb/tutrinh/anaconda3/envs/ood/bin/x86_64-conda_cos6-linux-gnu-ranlib'\'''
+++++ export CONDA_BACKUP_RANLIB=/nas/ucb/tutrinh/anaconda3/envs/ood/bin/x86_64-conda_cos6-linux-gnu-ranlib
+++++ CONDA_BACKUP_RANLIB=/nas/ucb/tutrinh/anaconda3/envs/ood/bin/x86_64-conda_cos6-linux-gnu-ranlib
++++ for thing in $tc_nature,$tc_machine "$@"
++++ case "${thing}" in
+++++ which /nas/ucb/tutrinh/anaconda3/envs/ood/bin/x86_64-conda_cos6-linux-gnu-readelf
++++ newval=/nas/ucb/tutrinh/anaconda3/envs/ood/bin/x86_64-conda_cos6-linux-gnu-readelf
++++ '[' -z /nas/ucb/tutrinh/anaconda3/envs/ood/bin/x86_64-conda_cos6-linux-gnu-readelf -a apply = check ']'
++++ '[' apply = apply ']'
+++++ echo readelf
+++++ tr a-z+-. A-ZX__
++++ thing=READELF
++++ eval 'oldval=$CONDA_BACKUP_READELF'
+++++ oldval=
++++ '[' -n '' ']'
++++ eval unset '${to}${thing}'
+++++ unset READELF
++++ '[' -n /nas/ucb/tutrinh/anaconda3/envs/ood/bin/x86_64-conda_cos6-linux-gnu-readelf ']'
++++ eval export ''\''CONDA_BACKUP_READELF=/nas/ucb/tutrinh/anaconda3/envs/ood/bin/x86_64-conda_cos6-linux-gnu-readelf'\'''
+++++ export CONDA_BACKUP_READELF=/nas/ucb/tutrinh/anaconda3/envs/ood/bin/x86_64-conda_cos6-linux-gnu-readelf
+++++ CONDA_BACKUP_READELF=/nas/ucb/tutrinh/anaconda3/envs/ood/bin/x86_64-conda_cos6-linux-gnu-readelf
++++ for thing in $tc_nature,$tc_machine "$@"
++++ case "${thing}" in
+++++ which /nas/ucb/tutrinh/anaconda3/envs/ood/bin/x86_64-conda_cos6-linux-gnu-size
++++ newval=/nas/ucb/tutrinh/anaconda3/envs/ood/bin/x86_64-conda_cos6-linux-gnu-size
++++ '[' -z /nas/ucb/tutrinh/anaconda3/envs/ood/bin/x86_64-conda_cos6-linux-gnu-size -a apply = check ']'
++++ '[' apply = apply ']'
+++++ echo size
+++++ tr a-z+-. A-ZX__
++++ thing=SIZE
++++ eval 'oldval=$CONDA_BACKUP_SIZE'
+++++ oldval=
++++ '[' -n '' ']'
++++ eval unset '${to}${thing}'
+++++ unset SIZE
++++ '[' -n /nas/ucb/tutrinh/anaconda3/envs/ood/bin/x86_64-conda_cos6-linux-gnu-size ']'
++++ eval export ''\''CONDA_BACKUP_SIZE=/nas/ucb/tutrinh/anaconda3/envs/ood/bin/x86_64-conda_cos6-linux-gnu-size'\'''
+++++ export CONDA_BACKUP_SIZE=/nas/ucb/tutrinh/anaconda3/envs/ood/bin/x86_64-conda_cos6-linux-gnu-size
+++++ CONDA_BACKUP_SIZE=/nas/ucb/tutrinh/anaconda3/envs/ood/bin/x86_64-conda_cos6-linux-gnu-size
++++ for thing in $tc_nature,$tc_machine "$@"
++++ case "${thing}" in
+++++ which /nas/ucb/tutrinh/anaconda3/envs/ood/bin/x86_64-conda_cos6-linux-gnu-strings
++++ newval=/nas/ucb/tutrinh/anaconda3/envs/ood/bin/x86_64-conda_cos6-linux-gnu-strings
++++ '[' -z /nas/ucb/tutrinh/anaconda3/envs/ood/bin/x86_64-conda_cos6-linux-gnu-strings -a apply = check ']'
++++ '[' apply = apply ']'
+++++ echo strings
+++++ tr a-z+-. A-ZX__
++++ thing=STRINGS
++++ eval 'oldval=$CONDA_BACKUP_STRINGS'
+++++ oldval=
++++ '[' -n '' ']'
++++ eval unset '${to}${thing}'
+++++ unset STRINGS
++++ '[' -n /nas/ucb/tutrinh/anaconda3/envs/ood/bin/x86_64-conda_cos6-linux-gnu-strings ']'
++++ eval export ''\''CONDA_BACKUP_STRINGS=/nas/ucb/tutrinh/anaconda3/envs/ood/bin/x86_64-conda_cos6-linux-gnu-strings'\'''
+++++ export CONDA_BACKUP_STRINGS=/nas/ucb/tutrinh/anaconda3/envs/ood/bin/x86_64-conda_cos6-linux-gnu-strings
+++++ CONDA_BACKUP_STRINGS=/nas/ucb/tutrinh/anaconda3/envs/ood/bin/x86_64-conda_cos6-linux-gnu-strings
++++ for thing in $tc_nature,$tc_machine "$@"
++++ case "${thing}" in
+++++ which /nas/ucb/tutrinh/anaconda3/envs/ood/bin/x86_64-conda_cos6-linux-gnu-strip
++++ newval=/nas/ucb/tutrinh/anaconda3/envs/ood/bin/x86_64-conda_cos6-linux-gnu-strip
++++ '[' -z /nas/ucb/tutrinh/anaconda3/envs/ood/bin/x86_64-conda_cos6-linux-gnu-strip -a apply = check ']'
++++ '[' apply = apply ']'
+++++ echo strip
+++++ tr a-z+-. A-ZX__
++++ thing=STRIP
++++ eval 'oldval=$CONDA_BACKUP_STRIP'
+++++ oldval=
++++ '[' -n '' ']'
++++ eval unset '${to}${thing}'
+++++ unset STRIP
++++ '[' -n /nas/ucb/tutrinh/anaconda3/envs/ood/bin/x86_64-conda_cos6-linux-gnu-strip ']'
++++ eval export ''\''CONDA_BACKUP_STRIP=/nas/ucb/tutrinh/anaconda3/envs/ood/bin/x86_64-conda_cos6-linux-gnu-strip'\'''
+++++ export CONDA_BACKUP_STRIP=/nas/ucb/tutrinh/anaconda3/envs/ood/bin/x86_64-conda_cos6-linux-gnu-strip
+++++ CONDA_BACKUP_STRIP=/nas/ucb/tutrinh/anaconda3/envs/ood/bin/x86_64-conda_cos6-linux-gnu-strip
++++ return 0
++++ '[' 0 -ne 0 ']'
++++ env
+++++ _get_sourced_filename
+++++ '[' -n /nas/ucb/tutrinh/anaconda3/envs/ood/etc/conda/deactivate.d/deactivate-binutils_linux-64.sh ']'
+++++ basename /nas/ucb/tutrinh/anaconda3/envs/ood/etc/conda/deactivate.d/deactivate-binutils_linux-64.sh
++++ echo 'INFO: deactivate-binutils_linux-64.sh made the following environmental changes:'
INFO: deactivate-binutils_linux-64.sh made the following environmental changes:
++++ grep '^-.*\|^+.*'
++++ tail -n +4
++++ diff -U 0 -rN /tmp/old-env-2305678.txt /tmp/new-env-2305678.txt
++++ grep -v CONDA_BACKUP_
++++ sort
-ADDR2LINE=/nas/ucb/tutrinh/anaconda3/envs/ood/bin/x86_64-conda_cos6-linux-gnu-addr2line
-AR=/nas/ucb/tutrinh/anaconda3/envs/ood/bin/x86_64-conda_cos6-linux-gnu-ar
-AS=/nas/ucb/tutrinh/anaconda3/envs/ood/bin/x86_64-conda_cos6-linux-gnu-as
-CXXFILT=/nas/ucb/tutrinh/anaconda3/envs/ood/bin/x86_64-conda_cos6-linux-gnu-c++filt
-ELFEDIT=/nas/ucb/tutrinh/anaconda3/envs/ood/bin/x86_64-conda_cos6-linux-gnu-elfedit
-GPROF=/nas/ucb/tutrinh/anaconda3/envs/ood/bin/x86_64-conda_cos6-linux-gnu-gprof
-LD_GOLD=/nas/ucb/tutrinh/anaconda3/envs/ood/bin/x86_64-conda_cos6-linux-gnu-ld.gold
-LD=/nas/ucb/tutrinh/anaconda3/envs/ood/bin/x86_64-conda_cos6-linux-gnu-ld
-NM=/nas/ucb/tutrinh/anaconda3/envs/ood/bin/x86_64-conda_cos6-linux-gnu-nm
-OBJCOPY=/nas/ucb/tutrinh/anaconda3/envs/ood/bin/x86_64-conda_cos6-linux-gnu-objcopy
-OBJDUMP=/nas/ucb/tutrinh/anaconda3/envs/ood/bin/x86_64-conda_cos6-linux-gnu-objdump
-RANLIB=/nas/ucb/tutrinh/anaconda3/envs/ood/bin/x86_64-conda_cos6-linux-gnu-ranlib
-READELF=/nas/ucb/tutrinh/anaconda3/envs/ood/bin/x86_64-conda_cos6-linux-gnu-readelf
-SIZE=/nas/ucb/tutrinh/anaconda3/envs/ood/bin/x86_64-conda_cos6-linux-gnu-size
-STRINGS=/nas/ucb/tutrinh/anaconda3/envs/ood/bin/x86_64-conda_cos6-linux-gnu-strings
-STRIP=/nas/ucb/tutrinh/anaconda3/envs/ood/bin/x86_64-conda_cos6-linux-gnu-strip
+++ PS1='(base) '
+++ export PATH=/nas/ucb/tutrinh/anaconda3/bin:/home/tutrinh/.local/bin:/nas/ucb/tutrinh/anaconda3/condabin:/usr/local/sbin:/usr/local/bin:/usr/sbin:/usr/bin:/sbin:/bin:/usr/games:/usr/local/games:/home/tutrinh/.local/bin
+++ PATH=/nas/ucb/tutrinh/anaconda3/bin:/home/tutrinh/.local/bin:/nas/ucb/tutrinh/anaconda3/condabin:/usr/local/sbin:/usr/local/bin:/usr/sbin:/usr/bin:/sbin:/bin:/usr/games:/usr/local/games:/home/tutrinh/.local/bin
+++ export CONDA_PREFIX=/nas/ucb/tutrinh/anaconda3
+++ CONDA_PREFIX=/nas/ucb/tutrinh/anaconda3
+++ export CONDA_SHLVL=2
+++ CONDA_SHLVL=2
+++ export CONDA_DEFAULT_ENV=base
+++ CONDA_DEFAULT_ENV=base
+++ export 'CONDA_PROMPT_MODIFIER=(base) '
+++ CONDA_PROMPT_MODIFIER='(base) '
+++ export CONDA_PREFIX_1=/nas/ucb/tutrinh/anaconda3/envs/ood
+++ CONDA_PREFIX_1=/nas/ucb/tutrinh/anaconda3/envs/ood
+++ export CONDA_EXE=/nas/ucb/tutrinh/anaconda3/bin/conda
+++ CONDA_EXE=/nas/ucb/tutrinh/anaconda3/bin/conda
+++ export _CE_M=
+++ _CE_M=
+++ export _CE_CONDA=
+++ _CE_CONDA=
+++ export CONDA_PYTHON_EXE=/nas/ucb/tutrinh/anaconda3/bin/python
+++ CONDA_PYTHON_EXE=/nas/ucb/tutrinh/anaconda3/bin/python
++ __conda_hashr
++ '[' -n '' ']'
++ '[' -n '' ']'
++ hash -r
+ conda activate ood
+ local cmd=activate
+ case "$cmd" in
+ __conda_activate activate ood
+ '[' -n '' ']'
+ local ask_conda
++ PS1='(base) '
++ __conda_exe shell.posix activate ood
++ /nas/ucb/tutrinh/anaconda3/bin/conda shell.posix activate ood
+ ask_conda='PS1='\''(ood) '\''
export PATH='\''/nas/ucb/tutrinh/anaconda3/envs/ood/bin:/home/tutrinh/.local/bin:/nas/ucb/tutrinh/anaconda3/condabin:/usr/local/sbin:/usr/local/bin:/usr/sbin:/usr/bin:/sbin:/bin:/usr/games:/usr/local/games:/home/tutrinh/.local/bin'\''
export CONDA_PREFIX='\''/nas/ucb/tutrinh/anaconda3/envs/ood'\''
export CONDA_SHLVL='\''3'\''
export CONDA_DEFAULT_ENV='\''ood'\''
export CONDA_PROMPT_MODIFIER='\''(ood) '\''
export CONDA_PREFIX_2='\''/nas/ucb/tutrinh/anaconda3'\''
export CONDA_EXE='\''/nas/ucb/tutrinh/anaconda3/bin/conda'\''
export _CE_M='\'''\''
export _CE_CONDA='\'''\''
export CONDA_PYTHON_EXE='\''/nas/ucb/tutrinh/anaconda3/bin/python'\''
. "/nas/ucb/tutrinh/anaconda3/envs/ood/etc/conda/activate.d/activate-binutils_linux-64.sh"
. "/nas/ucb/tutrinh/anaconda3/envs/ood/etc/conda/activate.d/activate-gcc_linux-64.sh"
. "/nas/ucb/tutrinh/anaconda3/envs/ood/etc/conda/activate.d/glib_activate.sh"'
+ eval 'PS1='\''(ood) '\''
export PATH='\''/nas/ucb/tutrinh/anaconda3/envs/ood/bin:/home/tutrinh/.local/bin:/nas/ucb/tutrinh/anaconda3/condabin:/usr/local/sbin:/usr/local/bin:/usr/sbin:/usr/bin:/sbin:/bin:/usr/games:/usr/local/games:/home/tutrinh/.local/bin'\''
export CONDA_PREFIX='\''/nas/ucb/tutrinh/anaconda3/envs/ood'\''
export CONDA_SHLVL='\''3'\''
export CONDA_DEFAULT_ENV='\''ood'\''
export CONDA_PROMPT_MODIFIER='\''(ood) '\''
export CONDA_PREFIX_2='\''/nas/ucb/tutrinh/anaconda3'\''
export CONDA_EXE='\''/nas/ucb/tutrinh/anaconda3/bin/conda'\''
export _CE_M='\'''\''
export _CE_CONDA='\'''\''
export CONDA_PYTHON_EXE='\''/nas/ucb/tutrinh/anaconda3/bin/python'\''
. "/nas/ucb/tutrinh/anaconda3/envs/ood/etc/conda/activate.d/activate-binutils_linux-64.sh"
. "/nas/ucb/tutrinh/anaconda3/envs/ood/etc/conda/activate.d/activate-gcc_linux-64.sh"
. "/nas/ucb/tutrinh/anaconda3/envs/ood/etc/conda/activate.d/glib_activate.sh"'
++ PS1='(ood) '
++ export PATH=/nas/ucb/tutrinh/anaconda3/envs/ood/bin:/home/tutrinh/.local/bin:/nas/ucb/tutrinh/anaconda3/condabin:/usr/local/sbin:/usr/local/bin:/usr/sbin:/usr/bin:/sbin:/bin:/usr/games:/usr/local/games:/home/tutrinh/.local/bin
++ PATH=/nas/ucb/tutrinh/anaconda3/envs/ood/bin:/home/tutrinh/.local/bin:/nas/ucb/tutrinh/anaconda3/condabin:/usr/local/sbin:/usr/local/bin:/usr/sbin:/usr/bin:/sbin:/bin:/usr/games:/usr/local/games:/home/tutrinh/.local/bin
++ export CONDA_PREFIX=/nas/ucb/tutrinh/anaconda3/envs/ood
++ CONDA_PREFIX=/nas/ucb/tutrinh/anaconda3/envs/ood
++ export CONDA_SHLVL=3
++ CONDA_SHLVL=3
++ export CONDA_DEFAULT_ENV=ood
++ CONDA_DEFAULT_ENV=ood
++ export 'CONDA_PROMPT_MODIFIER=(ood) '
++ CONDA_PROMPT_MODIFIER='(ood) '
++ export CONDA_PREFIX_2=/nas/ucb/tutrinh/anaconda3
++ CONDA_PREFIX_2=/nas/ucb/tutrinh/anaconda3
++ export CONDA_EXE=/nas/ucb/tutrinh/anaconda3/bin/conda
++ CONDA_EXE=/nas/ucb/tutrinh/anaconda3/bin/conda
++ export _CE_M=
++ _CE_M=
++ export _CE_CONDA=
++ _CE_CONDA=
++ export CONDA_PYTHON_EXE=/nas/ucb/tutrinh/anaconda3/bin/python
++ CONDA_PYTHON_EXE=/nas/ucb/tutrinh/anaconda3/bin/python
++ . /nas/ucb/tutrinh/anaconda3/envs/ood/etc/conda/activate.d/activate-binutils_linux-64.sh
+++ env
+++ _tc_activation activate host x86_64-conda_cos6-linux-gnu x86_64-conda_cos6-linux-gnu- addr2line ar as c++filt elfedit gprof ld ld.gold nm objcopy objdump ranlib readelf size strings strip
+++ local act_nature=activate
+++ shift
+++ local tc_nature=host
+++ shift
+++ local tc_machine=x86_64-conda_cos6-linux-gnu
+++ shift
+++ local tc_prefix=x86_64-conda_cos6-linux-gnu-
+++ shift
+++ local thing
+++ local newval
+++ local from
+++ local to
+++ local which
+++ local pass
+++ '[' activate = activate ']'
+++ from=
+++ to=CONDA_BACKUP_
+++ for pass in check apply
+++ for thing in $tc_nature,$tc_machine "$@"
+++ case "${thing}" in
++++ echo host,x86_64-conda_cos6-linux-gnu
++++ sed 's,^[^\,]*\,\(.*\),\1,'
+++ newval=x86_64-conda_cos6-linux-gnu
++++ echo host,x86_64-conda_cos6-linux-gnu
++++ sed 's,^\([^\,]*\)\,.*,\1,'
+++ thing=host
+++ '[' check = apply ']'
+++ for thing in $tc_nature,$tc_machine "$@"
+++ case "${thing}" in
++++ which /nas/ucb/tutrinh/anaconda3/envs/ood/bin/x86_64-conda_cos6-linux-gnu-addr2line
+++ newval=/nas/ucb/tutrinh/anaconda3/envs/ood/bin/x86_64-conda_cos6-linux-gnu-addr2line
+++ '[' -z /nas/ucb/tutrinh/anaconda3/envs/ood/bin/x86_64-conda_cos6-linux-gnu-addr2line -a check = check ']'
+++ '[' check = apply ']'
+++ for thing in $tc_nature,$tc_machine "$@"
+++ case "${thing}" in
++++ which /nas/ucb/tutrinh/anaconda3/envs/ood/bin/x86_64-conda_cos6-linux-gnu-ar
+++ newval=/nas/ucb/tutrinh/anaconda3/envs/ood/bin/x86_64-conda_cos6-linux-gnu-ar
+++ '[' -z /nas/ucb/tutrinh/anaconda3/envs/ood/bin/x86_64-conda_cos6-linux-gnu-ar -a check = check ']'
+++ '[' check = apply ']'
+++ for thing in $tc_nature,$tc_machine "$@"
+++ case "${thing}" in
++++ which /nas/ucb/tutrinh/anaconda3/envs/ood/bin/x86_64-conda_cos6-linux-gnu-as
+++ newval=/nas/ucb/tutrinh/anaconda3/envs/ood/bin/x86_64-conda_cos6-linux-gnu-as
+++ '[' -z /nas/ucb/tutrinh/anaconda3/envs/ood/bin/x86_64-conda_cos6-linux-gnu-as -a check = check ']'
+++ '[' check = apply ']'
+++ for thing in $tc_nature,$tc_machine "$@"
+++ case "${thing}" in
++++ which /nas/ucb/tutrinh/anaconda3/envs/ood/bin/x86_64-conda_cos6-linux-gnu-c++filt
+++ newval=/nas/ucb/tutrinh/anaconda3/envs/ood/bin/x86_64-conda_cos6-linux-gnu-c++filt
+++ '[' -z /nas/ucb/tutrinh/anaconda3/envs/ood/bin/x86_64-conda_cos6-linux-gnu-c++filt -a check = check ']'
+++ '[' check = apply ']'
+++ for thing in $tc_nature,$tc_machine "$@"
+++ case "${thing}" in
++++ which /nas/ucb/tutrinh/anaconda3/envs/ood/bin/x86_64-conda_cos6-linux-gnu-elfedit
+++ newval=/nas/ucb/tutrinh/anaconda3/envs/ood/bin/x86_64-conda_cos6-linux-gnu-elfedit
+++ '[' -z /nas/ucb/tutrinh/anaconda3/envs/ood/bin/x86_64-conda_cos6-linux-gnu-elfedit -a check = check ']'
+++ '[' check = apply ']'
+++ for thing in $tc_nature,$tc_machine "$@"
+++ case "${thing}" in
++++ which /nas/ucb/tutrinh/anaconda3/envs/ood/bin/x86_64-conda_cos6-linux-gnu-gprof
+++ newval=/nas/ucb/tutrinh/anaconda3/envs/ood/bin/x86_64-conda_cos6-linux-gnu-gprof
+++ '[' -z /nas/ucb/tutrinh/anaconda3/envs/ood/bin/x86_64-conda_cos6-linux-gnu-gprof -a check = check ']'
+++ '[' check = apply ']'
+++ for thing in $tc_nature,$tc_machine "$@"
+++ case "${thing}" in
++++ which /nas/ucb/tutrinh/anaconda3/envs/ood/bin/x86_64-conda_cos6-linux-gnu-ld
+++ newval=/nas/ucb/tutrinh/anaconda3/envs/ood/bin/x86_64-conda_cos6-linux-gnu-ld
+++ '[' -z /nas/ucb/tutrinh/anaconda3/envs/ood/bin/x86_64-conda_cos6-linux-gnu-ld -a check = check ']'
+++ '[' check = apply ']'
+++ for thing in $tc_nature,$tc_machine "$@"
+++ case "${thing}" in
++++ which /nas/ucb/tutrinh/anaconda3/envs/ood/bin/x86_64-conda_cos6-linux-gnu-ld.gold
+++ newval=/nas/ucb/tutrinh/anaconda3/envs/ood/bin/x86_64-conda_cos6-linux-gnu-ld.gold
+++ '[' -z /nas/ucb/tutrinh/anaconda3/envs/ood/bin/x86_64-conda_cos6-linux-gnu-ld.gold -a check = check ']'
+++ '[' check = apply ']'
+++ for thing in $tc_nature,$tc_machine "$@"
+++ case "${thing}" in
++++ which /nas/ucb/tutrinh/anaconda3/envs/ood/bin/x86_64-conda_cos6-linux-gnu-nm
+++ newval=/nas/ucb/tutrinh/anaconda3/envs/ood/bin/x86_64-conda_cos6-linux-gnu-nm
+++ '[' -z /nas/ucb/tutrinh/anaconda3/envs/ood/bin/x86_64-conda_cos6-linux-gnu-nm -a check = check ']'
+++ '[' check = apply ']'
+++ for thing in $tc_nature,$tc_machine "$@"
+++ case "${thing}" in
++++ which /nas/ucb/tutrinh/anaconda3/envs/ood/bin/x86_64-conda_cos6-linux-gnu-objcopy
+++ newval=/nas/ucb/tutrinh/anaconda3/envs/ood/bin/x86_64-conda_cos6-linux-gnu-objcopy
+++ '[' -z /nas/ucb/tutrinh/anaconda3/envs/ood/bin/x86_64-conda_cos6-linux-gnu-objcopy -a check = check ']'
+++ '[' check = apply ']'
+++ for thing in $tc_nature,$tc_machine "$@"
+++ case "${thing}" in
++++ which /nas/ucb/tutrinh/anaconda3/envs/ood/bin/x86_64-conda_cos6-linux-gnu-objdump
+++ newval=/nas/ucb/tutrinh/anaconda3/envs/ood/bin/x86_64-conda_cos6-linux-gnu-objdump
+++ '[' -z /nas/ucb/tutrinh/anaconda3/envs/ood/bin/x86_64-conda_cos6-linux-gnu-objdump -a check = check ']'
+++ '[' check = apply ']'
+++ for thing in $tc_nature,$tc_machine "$@"
+++ case "${thing}" in
++++ which /nas/ucb/tutrinh/anaconda3/envs/ood/bin/x86_64-conda_cos6-linux-gnu-ranlib
+++ newval=/nas/ucb/tutrinh/anaconda3/envs/ood/bin/x86_64-conda_cos6-linux-gnu-ranlib
+++ '[' -z /nas/ucb/tutrinh/anaconda3/envs/ood/bin/x86_64-conda_cos6-linux-gnu-ranlib -a check = check ']'
+++ '[' check = apply ']'
+++ for thing in $tc_nature,$tc_machine "$@"
+++ case "${thing}" in
++++ which /nas/ucb/tutrinh/anaconda3/envs/ood/bin/x86_64-conda_cos6-linux-gnu-readelf
+++ newval=/nas/ucb/tutrinh/anaconda3/envs/ood/bin/x86_64-conda_cos6-linux-gnu-readelf
+++ '[' -z /nas/ucb/tutrinh/anaconda3/envs/ood/bin/x86_64-conda_cos6-linux-gnu-readelf -a check = check ']'
+++ '[' check = apply ']'
+++ for thing in $tc_nature,$tc_machine "$@"
+++ case "${thing}" in
++++ which /nas/ucb/tutrinh/anaconda3/envs/ood/bin/x86_64-conda_cos6-linux-gnu-size
+++ newval=/nas/ucb/tutrinh/anaconda3/envs/ood/bin/x86_64-conda_cos6-linux-gnu-size
+++ '[' -z /nas/ucb/tutrinh/anaconda3/envs/ood/bin/x86_64-conda_cos6-linux-gnu-size -a check = check ']'
+++ '[' check = apply ']'
+++ for thing in $tc_nature,$tc_machine "$@"
+++ case "${thing}" in
++++ which /nas/ucb/tutrinh/anaconda3/envs/ood/bin/x86_64-conda_cos6-linux-gnu-strings
+++ newval=/nas/ucb/tutrinh/anaconda3/envs/ood/bin/x86_64-conda_cos6-linux-gnu-strings
+++ '[' -z /nas/ucb/tutrinh/anaconda3/envs/ood/bin/x86_64-conda_cos6-linux-gnu-strings -a check = check ']'
+++ '[' check = apply ']'
+++ for thing in $tc_nature,$tc_machine "$@"
+++ case "${thing}" in
++++ which /nas/ucb/tutrinh/anaconda3/envs/ood/bin/x86_64-conda_cos6-linux-gnu-strip
+++ newval=/nas/ucb/tutrinh/anaconda3/envs/ood/bin/x86_64-conda_cos6-linux-gnu-strip
+++ '[' -z /nas/ucb/tutrinh/anaconda3/envs/ood/bin/x86_64-conda_cos6-linux-gnu-strip -a check = check ']'
+++ '[' check = apply ']'
+++ for pass in check apply
+++ for thing in $tc_nature,$tc_machine "$@"
+++ case "${thing}" in
++++ echo host,x86_64-conda_cos6-linux-gnu
++++ sed 's,^[^\,]*\,\(.*\),\1,'
+++ newval=x86_64-conda_cos6-linux-gnu
++++ echo host,x86_64-conda_cos6-linux-gnu
++++ sed 's,^\([^\,]*\)\,.*,\1,'
+++ thing=host
+++ '[' apply = apply ']'
++++ echo host
++++ tr a-z+-. A-ZX__
+++ thing=HOST
+++ eval 'oldval=$HOST'
++++ oldval=x86_64-conda_cos6-linux-gnu
+++ '[' -n x86_64-conda_cos6-linux-gnu ']'
+++ eval export 'CONDA_BACKUP_'\''HOST'\''="x86_64-conda_cos6-linux-gnu"'
++++ export CONDA_BACKUP_HOST=x86_64-conda_cos6-linux-gnu
++++ CONDA_BACKUP_HOST=x86_64-conda_cos6-linux-gnu
+++ '[' -n x86_64-conda_cos6-linux-gnu ']'
+++ eval export ''\''HOST=x86_64-conda_cos6-linux-gnu'\'''
++++ export HOST=x86_64-conda_cos6-linux-gnu
++++ HOST=x86_64-conda_cos6-linux-gnu
+++ for thing in $tc_nature,$tc_machine "$@"
+++ case "${thing}" in
++++ which /nas/ucb/tutrinh/anaconda3/envs/ood/bin/x86_64-conda_cos6-linux-gnu-addr2line
+++ newval=/nas/ucb/tutrinh/anaconda3/envs/ood/bin/x86_64-conda_cos6-linux-gnu-addr2line
+++ '[' -z /nas/ucb/tutrinh/anaconda3/envs/ood/bin/x86_64-conda_cos6-linux-gnu-addr2line -a apply = check ']'
+++ '[' apply = apply ']'
++++ echo addr2line
++++ tr a-z+-. A-ZX__
+++ thing=ADDR2LINE
+++ eval 'oldval=$ADDR2LINE'
++++ oldval=
+++ '[' -n '' ']'
+++ eval unset '${to}${thing}'
++++ unset CONDA_BACKUP_ADDR2LINE
+++ '[' -n /nas/ucb/tutrinh/anaconda3/envs/ood/bin/x86_64-conda_cos6-linux-gnu-addr2line ']'
+++ eval export ''\''ADDR2LINE=/nas/ucb/tutrinh/anaconda3/envs/ood/bin/x86_64-conda_cos6-linux-gnu-addr2line'\'''
++++ export ADDR2LINE=/nas/ucb/tutrinh/anaconda3/envs/ood/bin/x86_64-conda_cos6-linux-gnu-addr2line
++++ ADDR2LINE=/nas/ucb/tutrinh/anaconda3/envs/ood/bin/x86_64-conda_cos6-linux-gnu-addr2line
+++ for thing in $tc_nature,$tc_machine "$@"
+++ case "${thing}" in
++++ which /nas/ucb/tutrinh/anaconda3/envs/ood/bin/x86_64-conda_cos6-linux-gnu-ar
+++ newval=/nas/ucb/tutrinh/anaconda3/envs/ood/bin/x86_64-conda_cos6-linux-gnu-ar
+++ '[' -z /nas/ucb/tutrinh/anaconda3/envs/ood/bin/x86_64-conda_cos6-linux-gnu-ar -a apply = check ']'
+++ '[' apply = apply ']'
++++ echo ar
++++ tr a-z+-. A-ZX__
+++ thing=AR
+++ eval 'oldval=$AR'
++++ oldval=
+++ '[' -n '' ']'
+++ eval unset '${to}${thing}'
++++ unset CONDA_BACKUP_AR
+++ '[' -n /nas/ucb/tutrinh/anaconda3/envs/ood/bin/x86_64-conda_cos6-linux-gnu-ar ']'
+++ eval export ''\''AR=/nas/ucb/tutrinh/anaconda3/envs/ood/bin/x86_64-conda_cos6-linux-gnu-ar'\'''
++++ export AR=/nas/ucb/tutrinh/anaconda3/envs/ood/bin/x86_64-conda_cos6-linux-gnu-ar
++++ AR=/nas/ucb/tutrinh/anaconda3/envs/ood/bin/x86_64-conda_cos6-linux-gnu-ar
+++ for thing in $tc_nature,$tc_machine "$@"
+++ case "${thing}" in
++++ which /nas/ucb/tutrinh/anaconda3/envs/ood/bin/x86_64-conda_cos6-linux-gnu-as
+++ newval=/nas/ucb/tutrinh/anaconda3/envs/ood/bin/x86_64-conda_cos6-linux-gnu-as
+++ '[' -z /nas/ucb/tutrinh/anaconda3/envs/ood/bin/x86_64-conda_cos6-linux-gnu-as -a apply = check ']'
+++ '[' apply = apply ']'
++++ echo as
++++ tr a-z+-. A-ZX__
+++ thing=AS
+++ eval 'oldval=$AS'
++++ oldval=
+++ '[' -n '' ']'
+++ eval unset '${to}${thing}'
++++ unset CONDA_BACKUP_AS
+++ '[' -n /nas/ucb/tutrinh/anaconda3/envs/ood/bin/x86_64-conda_cos6-linux-gnu-as ']'
+++ eval export ''\''AS=/nas/ucb/tutrinh/anaconda3/envs/ood/bin/x86_64-conda_cos6-linux-gnu-as'\'''
++++ export AS=/nas/ucb/tutrinh/anaconda3/envs/ood/bin/x86_64-conda_cos6-linux-gnu-as
++++ AS=/nas/ucb/tutrinh/anaconda3/envs/ood/bin/x86_64-conda_cos6-linux-gnu-as
+++ for thing in $tc_nature,$tc_machine "$@"
+++ case "${thing}" in
++++ which /nas/ucb/tutrinh/anaconda3/envs/ood/bin/x86_64-conda_cos6-linux-gnu-c++filt
+++ newval=/nas/ucb/tutrinh/anaconda3/envs/ood/bin/x86_64-conda_cos6-linux-gnu-c++filt
+++ '[' -z /nas/ucb/tutrinh/anaconda3/envs/ood/bin/x86_64-conda_cos6-linux-gnu-c++filt -a apply = check ']'
+++ '[' apply = apply ']'
++++ tr a-z+-. A-ZX__
++++ echo c++filt
+++ thing=CXXFILT
+++ eval 'oldval=$CXXFILT'
++++ oldval=
+++ '[' -n '' ']'
+++ eval unset '${to}${thing}'
++++ unset CONDA_BACKUP_CXXFILT
+++ '[' -n /nas/ucb/tutrinh/anaconda3/envs/ood/bin/x86_64-conda_cos6-linux-gnu-c++filt ']'
+++ eval export ''\''CXXFILT=/nas/ucb/tutrinh/anaconda3/envs/ood/bin/x86_64-conda_cos6-linux-gnu-c++filt'\'''
++++ export CXXFILT=/nas/ucb/tutrinh/anaconda3/envs/ood/bin/x86_64-conda_cos6-linux-gnu-c++filt
++++ CXXFILT=/nas/ucb/tutrinh/anaconda3/envs/ood/bin/x86_64-conda_cos6-linux-gnu-c++filt
+++ for thing in $tc_nature,$tc_machine "$@"
+++ case "${thing}" in
++++ which /nas/ucb/tutrinh/anaconda3/envs/ood/bin/x86_64-conda_cos6-linux-gnu-elfedit
+++ newval=/nas/ucb/tutrinh/anaconda3/envs/ood/bin/x86_64-conda_cos6-linux-gnu-elfedit
+++ '[' -z /nas/ucb/tutrinh/anaconda3/envs/ood/bin/x86_64-conda_cos6-linux-gnu-elfedit -a apply = check ']'
+++ '[' apply = apply ']'
++++ echo elfedit
++++ tr a-z+-. A-ZX__
+++ thing=ELFEDIT
+++ eval 'oldval=$ELFEDIT'
++++ oldval=
+++ '[' -n '' ']'
+++ eval unset '${to}${thing}'
++++ unset CONDA_BACKUP_ELFEDIT
+++ '[' -n /nas/ucb/tutrinh/anaconda3/envs/ood/bin/x86_64-conda_cos6-linux-gnu-elfedit ']'
+++ eval export ''\''ELFEDIT=/nas/ucb/tutrinh/anaconda3/envs/ood/bin/x86_64-conda_cos6-linux-gnu-elfedit'\'''
++++ export ELFEDIT=/nas/ucb/tutrinh/anaconda3/envs/ood/bin/x86_64-conda_cos6-linux-gnu-elfedit
++++ ELFEDIT=/nas/ucb/tutrinh/anaconda3/envs/ood/bin/x86_64-conda_cos6-linux-gnu-elfedit
+++ for thing in $tc_nature,$tc_machine "$@"
+++ case "${thing}" in
++++ which /nas/ucb/tutrinh/anaconda3/envs/ood/bin/x86_64-conda_cos6-linux-gnu-gprof
+++ newval=/nas/ucb/tutrinh/anaconda3/envs/ood/bin/x86_64-conda_cos6-linux-gnu-gprof
+++ '[' -z /nas/ucb/tutrinh/anaconda3/envs/ood/bin/x86_64-conda_cos6-linux-gnu-gprof -a apply = check ']'
+++ '[' apply = apply ']'
++++ echo gprof
++++ tr a-z+-. A-ZX__
+++ thing=GPROF
+++ eval 'oldval=$GPROF'
++++ oldval=
+++ '[' -n '' ']'
+++ eval unset '${to}${thing}'
++++ unset CONDA_BACKUP_GPROF
+++ '[' -n /nas/ucb/tutrinh/anaconda3/envs/ood/bin/x86_64-conda_cos6-linux-gnu-gprof ']'
+++ eval export ''\''GPROF=/nas/ucb/tutrinh/anaconda3/envs/ood/bin/x86_64-conda_cos6-linux-gnu-gprof'\'''
++++ export GPROF=/nas/ucb/tutrinh/anaconda3/envs/ood/bin/x86_64-conda_cos6-linux-gnu-gprof
++++ GPROF=/nas/ucb/tutrinh/anaconda3/envs/ood/bin/x86_64-conda_cos6-linux-gnu-gprof
+++ for thing in $tc_nature,$tc_machine "$@"
+++ case "${thing}" in
++++ which /nas/ucb/tutrinh/anaconda3/envs/ood/bin/x86_64-conda_cos6-linux-gnu-ld
+++ newval=/nas/ucb/tutrinh/anaconda3/envs/ood/bin/x86_64-conda_cos6-linux-gnu-ld
+++ '[' -z /nas/ucb/tutrinh/anaconda3/envs/ood/bin/x86_64-conda_cos6-linux-gnu-ld -a apply = check ']'
+++ '[' apply = apply ']'
++++ echo ld
++++ tr a-z+-. A-ZX__
+++ thing=LD
+++ eval 'oldval=$LD'
++++ oldval=
+++ '[' -n '' ']'
+++ eval unset '${to}${thing}'
++++ unset CONDA_BACKUP_LD
+++ '[' -n /nas/ucb/tutrinh/anaconda3/envs/ood/bin/x86_64-conda_cos6-linux-gnu-ld ']'
+++ eval export ''\''LD=/nas/ucb/tutrinh/anaconda3/envs/ood/bin/x86_64-conda_cos6-linux-gnu-ld'\'''
++++ export LD=/nas/ucb/tutrinh/anaconda3/envs/ood/bin/x86_64-conda_cos6-linux-gnu-ld
++++ LD=/nas/ucb/tutrinh/anaconda3/envs/ood/bin/x86_64-conda_cos6-linux-gnu-ld
+++ for thing in $tc_nature,$tc_machine "$@"
+++ case "${thing}" in
++++ which /nas/ucb/tutrinh/anaconda3/envs/ood/bin/x86_64-conda_cos6-linux-gnu-ld.gold
+++ newval=/nas/ucb/tutrinh/anaconda3/envs/ood/bin/x86_64-conda_cos6-linux-gnu-ld.gold
+++ '[' -z /nas/ucb/tutrinh/anaconda3/envs/ood/bin/x86_64-conda_cos6-linux-gnu-ld.gold -a apply = check ']'
+++ '[' apply = apply ']'
++++ echo ld.gold
++++ tr a-z+-. A-ZX__
+++ thing=LD_GOLD
+++ eval 'oldval=$LD_GOLD'
++++ oldval=
+++ '[' -n '' ']'
+++ eval unset '${to}${thing}'
++++ unset CONDA_BACKUP_LD_GOLD
+++ '[' -n /nas/ucb/tutrinh/anaconda3/envs/ood/bin/x86_64-conda_cos6-linux-gnu-ld.gold ']'
+++ eval export ''\''LD_GOLD=/nas/ucb/tutrinh/anaconda3/envs/ood/bin/x86_64-conda_cos6-linux-gnu-ld.gold'\'''
++++ export LD_GOLD=/nas/ucb/tutrinh/anaconda3/envs/ood/bin/x86_64-conda_cos6-linux-gnu-ld.gold
++++ LD_GOLD=/nas/ucb/tutrinh/anaconda3/envs/ood/bin/x86_64-conda_cos6-linux-gnu-ld.gold
+++ for thing in $tc_nature,$tc_machine "$@"
+++ case "${thing}" in
++++ which /nas/ucb/tutrinh/anaconda3/envs/ood/bin/x86_64-conda_cos6-linux-gnu-nm
+++ newval=/nas/ucb/tutrinh/anaconda3/envs/ood/bin/x86_64-conda_cos6-linux-gnu-nm
+++ '[' -z /nas/ucb/tutrinh/anaconda3/envs/ood/bin/x86_64-conda_cos6-linux-gnu-nm -a apply = check ']'
+++ '[' apply = apply ']'
++++ echo nm
++++ tr a-z+-. A-ZX__
+++ thing=NM
+++ eval 'oldval=$NM'
++++ oldval=
+++ '[' -n '' ']'
+++ eval unset '${to}${thing}'
++++ unset CONDA_BACKUP_NM
+++ '[' -n /nas/ucb/tutrinh/anaconda3/envs/ood/bin/x86_64-conda_cos6-linux-gnu-nm ']'
+++ eval export ''\''NM=/nas/ucb/tutrinh/anaconda3/envs/ood/bin/x86_64-conda_cos6-linux-gnu-nm'\'''
++++ export NM=/nas/ucb/tutrinh/anaconda3/envs/ood/bin/x86_64-conda_cos6-linux-gnu-nm
++++ NM=/nas/ucb/tutrinh/anaconda3/envs/ood/bin/x86_64-conda_cos6-linux-gnu-nm
+++ for thing in $tc_nature,$tc_machine "$@"
+++ case "${thing}" in
++++ which /nas/ucb/tutrinh/anaconda3/envs/ood/bin/x86_64-conda_cos6-linux-gnu-objcopy
+++ newval=/nas/ucb/tutrinh/anaconda3/envs/ood/bin/x86_64-conda_cos6-linux-gnu-objcopy
+++ '[' -z /nas/ucb/tutrinh/anaconda3/envs/ood/bin/x86_64-conda_cos6-linux-gnu-objcopy -a apply = check ']'
+++ '[' apply = apply ']'
++++ echo objcopy
++++ tr a-z+-. A-ZX__
+++ thing=OBJCOPY
+++ eval 'oldval=$OBJCOPY'
++++ oldval=
+++ '[' -n '' ']'
+++ eval unset '${to}${thing}'
++++ unset CONDA_BACKUP_OBJCOPY
+++ '[' -n /nas/ucb/tutrinh/anaconda3/envs/ood/bin/x86_64-conda_cos6-linux-gnu-objcopy ']'
+++ eval export ''\''OBJCOPY=/nas/ucb/tutrinh/anaconda3/envs/ood/bin/x86_64-conda_cos6-linux-gnu-objcopy'\'''
++++ export OBJCOPY=/nas/ucb/tutrinh/anaconda3/envs/ood/bin/x86_64-conda_cos6-linux-gnu-objcopy
++++ OBJCOPY=/nas/ucb/tutrinh/anaconda3/envs/ood/bin/x86_64-conda_cos6-linux-gnu-objcopy
+++ for thing in $tc_nature,$tc_machine "$@"
+++ case "${thing}" in
++++ which /nas/ucb/tutrinh/anaconda3/envs/ood/bin/x86_64-conda_cos6-linux-gnu-objdump
+++ newval=/nas/ucb/tutrinh/anaconda3/envs/ood/bin/x86_64-conda_cos6-linux-gnu-objdump
+++ '[' -z /nas/ucb/tutrinh/anaconda3/envs/ood/bin/x86_64-conda_cos6-linux-gnu-objdump -a apply = check ']'
+++ '[' apply = apply ']'
++++ echo objdump
++++ tr a-z+-. A-ZX__
+++ thing=OBJDUMP
+++ eval 'oldval=$OBJDUMP'
++++ oldval=
+++ '[' -n '' ']'
+++ eval unset '${to}${thing}'
++++ unset CONDA_BACKUP_OBJDUMP
+++ '[' -n /nas/ucb/tutrinh/anaconda3/envs/ood/bin/x86_64-conda_cos6-linux-gnu-objdump ']'
+++ eval export ''\''OBJDUMP=/nas/ucb/tutrinh/anaconda3/envs/ood/bin/x86_64-conda_cos6-linux-gnu-objdump'\'''
++++ export OBJDUMP=/nas/ucb/tutrinh/anaconda3/envs/ood/bin/x86_64-conda_cos6-linux-gnu-objdump
++++ OBJDUMP=/nas/ucb/tutrinh/anaconda3/envs/ood/bin/x86_64-conda_cos6-linux-gnu-objdump
+++ for thing in $tc_nature,$tc_machine "$@"
+++ case "${thing}" in
++++ which /nas/ucb/tutrinh/anaconda3/envs/ood/bin/x86_64-conda_cos6-linux-gnu-ranlib
+++ newval=/nas/ucb/tutrinh/anaconda3/envs/ood/bin/x86_64-conda_cos6-linux-gnu-ranlib
+++ '[' -z /nas/ucb/tutrinh/anaconda3/envs/ood/bin/x86_64-conda_cos6-linux-gnu-ranlib -a apply = check ']'
+++ '[' apply = apply ']'
++++ echo ranlib
++++ tr a-z+-. A-ZX__
+++ thing=RANLIB
+++ eval 'oldval=$RANLIB'
++++ oldval=
+++ '[' -n '' ']'
+++ eval unset '${to}${thing}'
++++ unset CONDA_BACKUP_RANLIB
+++ '[' -n /nas/ucb/tutrinh/anaconda3/envs/ood/bin/x86_64-conda_cos6-linux-gnu-ranlib ']'
+++ eval export ''\''RANLIB=/nas/ucb/tutrinh/anaconda3/envs/ood/bin/x86_64-conda_cos6-linux-gnu-ranlib'\'''
++++ export RANLIB=/nas/ucb/tutrinh/anaconda3/envs/ood/bin/x86_64-conda_cos6-linux-gnu-ranlib
++++ RANLIB=/nas/ucb/tutrinh/anaconda3/envs/ood/bin/x86_64-conda_cos6-linux-gnu-ranlib
+++ for thing in $tc_nature,$tc_machine "$@"
+++ case "${thing}" in
++++ which /nas/ucb/tutrinh/anaconda3/envs/ood/bin/x86_64-conda_cos6-linux-gnu-readelf
+++ newval=/nas/ucb/tutrinh/anaconda3/envs/ood/bin/x86_64-conda_cos6-linux-gnu-readelf
+++ '[' -z /nas/ucb/tutrinh/anaconda3/envs/ood/bin/x86_64-conda_cos6-linux-gnu-readelf -a apply = check ']'
+++ '[' apply = apply ']'
++++ echo readelf
++++ tr a-z+-. A-ZX__
+++ thing=READELF
+++ eval 'oldval=$READELF'
++++ oldval=
+++ '[' -n '' ']'
+++ eval unset '${to}${thing}'
++++ unset CONDA_BACKUP_READELF
+++ '[' -n /nas/ucb/tutrinh/anaconda3/envs/ood/bin/x86_64-conda_cos6-linux-gnu-readelf ']'
+++ eval export ''\''READELF=/nas/ucb/tutrinh/anaconda3/envs/ood/bin/x86_64-conda_cos6-linux-gnu-readelf'\'''
++++ export READELF=/nas/ucb/tutrinh/anaconda3/envs/ood/bin/x86_64-conda_cos6-linux-gnu-readelf
++++ READELF=/nas/ucb/tutrinh/anaconda3/envs/ood/bin/x86_64-conda_cos6-linux-gnu-readelf
+++ for thing in $tc_nature,$tc_machine "$@"
+++ case "${thing}" in
++++ which /nas/ucb/tutrinh/anaconda3/envs/ood/bin/x86_64-conda_cos6-linux-gnu-size
+++ newval=/nas/ucb/tutrinh/anaconda3/envs/ood/bin/x86_64-conda_cos6-linux-gnu-size
+++ '[' -z /nas/ucb/tutrinh/anaconda3/envs/ood/bin/x86_64-conda_cos6-linux-gnu-size -a apply = check ']'
+++ '[' apply = apply ']'
++++ echo size
++++ tr a-z+-. A-ZX__
+++ thing=SIZE
+++ eval 'oldval=$SIZE'
++++ oldval=
+++ '[' -n '' ']'
+++ eval unset '${to}${thing}'
++++ unset CONDA_BACKUP_SIZE
+++ '[' -n /nas/ucb/tutrinh/anaconda3/envs/ood/bin/x86_64-conda_cos6-linux-gnu-size ']'
+++ eval export ''\''SIZE=/nas/ucb/tutrinh/anaconda3/envs/ood/bin/x86_64-conda_cos6-linux-gnu-size'\'''
++++ export SIZE=/nas/ucb/tutrinh/anaconda3/envs/ood/bin/x86_64-conda_cos6-linux-gnu-size
++++ SIZE=/nas/ucb/tutrinh/anaconda3/envs/ood/bin/x86_64-conda_cos6-linux-gnu-size
+++ for thing in $tc_nature,$tc_machine "$@"
+++ case "${thing}" in
++++ which /nas/ucb/tutrinh/anaconda3/envs/ood/bin/x86_64-conda_cos6-linux-gnu-strings
+++ newval=/nas/ucb/tutrinh/anaconda3/envs/ood/bin/x86_64-conda_cos6-linux-gnu-strings
+++ '[' -z /nas/ucb/tutrinh/anaconda3/envs/ood/bin/x86_64-conda_cos6-linux-gnu-strings -a apply = check ']'
+++ '[' apply = apply ']'
++++ echo strings
++++ tr a-z+-. A-ZX__
+++ thing=STRINGS
+++ eval 'oldval=$STRINGS'
++++ oldval=
+++ '[' -n '' ']'
+++ eval unset '${to}${thing}'
++++ unset CONDA_BACKUP_STRINGS
+++ '[' -n /nas/ucb/tutrinh/anaconda3/envs/ood/bin/x86_64-conda_cos6-linux-gnu-strings ']'
+++ eval export ''\''STRINGS=/nas/ucb/tutrinh/anaconda3/envs/ood/bin/x86_64-conda_cos6-linux-gnu-strings'\'''
++++ export STRINGS=/nas/ucb/tutrinh/anaconda3/envs/ood/bin/x86_64-conda_cos6-linux-gnu-strings
++++ STRINGS=/nas/ucb/tutrinh/anaconda3/envs/ood/bin/x86_64-conda_cos6-linux-gnu-strings
+++ for thing in $tc_nature,$tc_machine "$@"
+++ case "${thing}" in
++++ which /nas/ucb/tutrinh/anaconda3/envs/ood/bin/x86_64-conda_cos6-linux-gnu-strip
+++ newval=/nas/ucb/tutrinh/anaconda3/envs/ood/bin/x86_64-conda_cos6-linux-gnu-strip
+++ '[' -z /nas/ucb/tutrinh/anaconda3/envs/ood/bin/x86_64-conda_cos6-linux-gnu-strip -a apply = check ']'
+++ '[' apply = apply ']'
++++ echo strip
++++ tr a-z+-. A-ZX__
+++ thing=STRIP
+++ eval 'oldval=$STRIP'
++++ oldval=
+++ '[' -n '' ']'
+++ eval unset '${to}${thing}'
++++ unset CONDA_BACKUP_STRIP
+++ '[' -n /nas/ucb/tutrinh/anaconda3/envs/ood/bin/x86_64-conda_cos6-linux-gnu-strip ']'
+++ eval export ''\''STRIP=/nas/ucb/tutrinh/anaconda3/envs/ood/bin/x86_64-conda_cos6-linux-gnu-strip'\'''
++++ export STRIP=/nas/ucb/tutrinh/anaconda3/envs/ood/bin/x86_64-conda_cos6-linux-gnu-strip
++++ STRIP=/nas/ucb/tutrinh/anaconda3/envs/ood/bin/x86_64-conda_cos6-linux-gnu-strip
+++ return 0
+++ '[' 0 -ne 0 ']'
+++ env
++++ _get_sourced_filename
++++ '[' -n /nas/ucb/tutrinh/anaconda3/envs/ood/etc/conda/activate.d/activate-binutils_linux-64.sh ']'
++++ basename /nas/ucb/tutrinh/anaconda3/envs/ood/etc/conda/activate.d/activate-binutils_linux-64.sh
+++ echo 'INFO: activate-binutils_linux-64.sh made the following environmental changes:'
INFO: activate-binutils_linux-64.sh made the following environmental changes:
+++ tail -n +4
+++ grep '^-.*\|^+.*'
+++ diff -U 0 -rN /tmp/old-env-2305678.txt /tmp/new-env-2305678.txt
+++ sort
+++ grep -v CONDA_BACKUP_
+ADDR2LINE=/nas/ucb/tutrinh/anaconda3/envs/ood/bin/x86_64-conda_cos6-linux-gnu-addr2line
+AR=/nas/ucb/tutrinh/anaconda3/envs/ood/bin/x86_64-conda_cos6-linux-gnu-ar
+AS=/nas/ucb/tutrinh/anaconda3/envs/ood/bin/x86_64-conda_cos6-linux-gnu-as
+CXXFILT=/nas/ucb/tutrinh/anaconda3/envs/ood/bin/x86_64-conda_cos6-linux-gnu-c++filt
+ELFEDIT=/nas/ucb/tutrinh/anaconda3/envs/ood/bin/x86_64-conda_cos6-linux-gnu-elfedit
+GPROF=/nas/ucb/tutrinh/anaconda3/envs/ood/bin/x86_64-conda_cos6-linux-gnu-gprof
+LD_GOLD=/nas/ucb/tutrinh/anaconda3/envs/ood/bin/x86_64-conda_cos6-linux-gnu-ld.gold
+LD=/nas/ucb/tutrinh/anaconda3/envs/ood/bin/x86_64-conda_cos6-linux-gnu-ld
+NM=/nas/ucb/tutrinh/anaconda3/envs/ood/bin/x86_64-conda_cos6-linux-gnu-nm
+OBJCOPY=/nas/ucb/tutrinh/anaconda3/envs/ood/bin/x86_64-conda_cos6-linux-gnu-objcopy
+OBJDUMP=/nas/ucb/tutrinh/anaconda3/envs/ood/bin/x86_64-conda_cos6-linux-gnu-objdump
+RANLIB=/nas/ucb/tutrinh/anaconda3/envs/ood/bin/x86_64-conda_cos6-linux-gnu-ranlib
+READELF=/nas/ucb/tutrinh/anaconda3/envs/ood/bin/x86_64-conda_cos6-linux-gnu-readelf
+SIZE=/nas/ucb/tutrinh/anaconda3/envs/ood/bin/x86_64-conda_cos6-linux-gnu-size
+STRINGS=/nas/ucb/tutrinh/anaconda3/envs/ood/bin/x86_64-conda_cos6-linux-gnu-strings
+STRIP=/nas/ucb/tutrinh/anaconda3/envs/ood/bin/x86_64-conda_cos6-linux-gnu-strip
++ . /nas/ucb/tutrinh/anaconda3/envs/ood/etc/conda/activate.d/activate-gcc_linux-64.sh
+++ env
+++ _tc_activation activate host x86_64-conda_cos6-linux-gnu x86_64-conda_cos6-linux-gnu- cc cpp gcc gcc-ar gcc-nm gcc-ranlib 'CPPFLAGS,-D_FORTIFY_SOURCE=2 -O2' 'CFLAGS,-march=nocona -mtune=haswell -ftree-vectorize -fPIC -fstack-protector-strong -fno-plt -O2 -pipe' LDFLAGS,-Wl,-O2,--sort-common,--as-needed,-z,relro,-z,now 'DEBUG_CFLAGS,-march=nocona -mtune=haswell -ftree-vectorize -fPIC -fstack-protector-strong -fno-plt -O2 -pipe -Og -g -Wall -Wextra -fcheck=all -fbacktrace -fimplicit-none -fvar-tracking-assignments'
+++ local act_nature=activate
+++ shift
+++ local tc_nature=host
+++ shift
+++ local tc_machine=x86_64-conda_cos6-linux-gnu
+++ shift
+++ local tc_prefix=x86_64-conda_cos6-linux-gnu-
+++ shift
+++ local thing
+++ local newval
+++ local from
+++ local to
+++ local which
+++ local pass
+++ '[' activate = activate ']'
+++ from=
+++ to=CONDA_BACKUP_
+++ for pass in check apply
+++ for thing in $tc_nature,$tc_machine "$@"
+++ case "${thing}" in
++++ echo host,x86_64-conda_cos6-linux-gnu
++++ sed 's,^[^\,]*\,\(.*\),\1,'
+++ newval=x86_64-conda_cos6-linux-gnu
++++ echo host,x86_64-conda_cos6-linux-gnu
++++ sed 's,^\([^\,]*\)\,.*,\1,'
+++ thing=host
+++ '[' check = apply ']'
+++ for thing in $tc_nature,$tc_machine "$@"
+++ case "${thing}" in
++++ which /nas/ucb/tutrinh/anaconda3/envs/ood/bin/x86_64-conda_cos6-linux-gnu-cc
+++ newval=/nas/ucb/tutrinh/anaconda3/envs/ood/bin/x86_64-conda_cos6-linux-gnu-cc
+++ '[' -z /nas/ucb/tutrinh/anaconda3/envs/ood/bin/x86_64-conda_cos6-linux-gnu-cc -a check = check ']'
+++ '[' check = apply ']'
+++ for thing in $tc_nature,$tc_machine "$@"
+++ case "${thing}" in
++++ which /nas/ucb/tutrinh/anaconda3/envs/ood/bin/x86_64-conda_cos6-linux-gnu-cpp
+++ newval=/nas/ucb/tutrinh/anaconda3/envs/ood/bin/x86_64-conda_cos6-linux-gnu-cpp
+++ '[' -z /nas/ucb/tutrinh/anaconda3/envs/ood/bin/x86_64-conda_cos6-linux-gnu-cpp -a check = check ']'
+++ '[' check = apply ']'
+++ for thing in $tc_nature,$tc_machine "$@"
+++ case "${thing}" in
++++ which /nas/ucb/tutrinh/anaconda3/envs/ood/bin/x86_64-conda_cos6-linux-gnu-gcc
+++ newval=/nas/ucb/tutrinh/anaconda3/envs/ood/bin/x86_64-conda_cos6-linux-gnu-gcc
+++ '[' -z /nas/ucb/tutrinh/anaconda3/envs/ood/bin/x86_64-conda_cos6-linux-gnu-gcc -a check = check ']'
+++ '[' check = apply ']'
+++ for thing in $tc_nature,$tc_machine "$@"
+++ case "${thing}" in
++++ which /nas/ucb/tutrinh/anaconda3/envs/ood/bin/x86_64-conda_cos6-linux-gnu-gcc-ar
+++ newval=/nas/ucb/tutrinh/anaconda3/envs/ood/bin/x86_64-conda_cos6-linux-gnu-gcc-ar
+++ '[' -z /nas/ucb/tutrinh/anaconda3/envs/ood/bin/x86_64-conda_cos6-linux-gnu-gcc-ar -a check = check ']'
+++ '[' check = apply ']'
+++ for thing in $tc_nature,$tc_machine "$@"
+++ case "${thing}" in
++++ which /nas/ucb/tutrinh/anaconda3/envs/ood/bin/x86_64-conda_cos6-linux-gnu-gcc-nm
+++ newval=/nas/ucb/tutrinh/anaconda3/envs/ood/bin/x86_64-conda_cos6-linux-gnu-gcc-nm
+++ '[' -z /nas/ucb/tutrinh/anaconda3/envs/ood/bin/x86_64-conda_cos6-linux-gnu-gcc-nm -a check = check ']'
+++ '[' check = apply ']'
+++ for thing in $tc_nature,$tc_machine "$@"
+++ case "${thing}" in
++++ which /nas/ucb/tutrinh/anaconda3/envs/ood/bin/x86_64-conda_cos6-linux-gnu-gcc-ranlib
+++ newval=/nas/ucb/tutrinh/anaconda3/envs/ood/bin/x86_64-conda_cos6-linux-gnu-gcc-ranlib
+++ '[' -z /nas/ucb/tutrinh/anaconda3/envs/ood/bin/x86_64-conda_cos6-linux-gnu-gcc-ranlib -a check = check ']'
+++ '[' check = apply ']'
+++ for thing in $tc_nature,$tc_machine "$@"
+++ case "${thing}" in
++++ echo 'CPPFLAGS,-D_FORTIFY_SOURCE=2 -O2'
++++ sed 's,^[^\,]*\,\(.*\),\1,'
+++ newval='-D_FORTIFY_SOURCE=2 -O2'
++++ echo 'CPPFLAGS,-D_FORTIFY_SOURCE=2 -O2'
++++ sed 's,^\([^\,]*\)\,.*,\1,'
+++ thing=CPPFLAGS
+++ '[' check = apply ']'
+++ for thing in $tc_nature,$tc_machine "$@"
+++ case "${thing}" in
++++ echo 'CFLAGS,-march=nocona -mtune=haswell -ftree-vectorize -fPIC -fstack-protector-strong -fno-plt -O2 -pipe'
++++ sed 's,^[^\,]*\,\(.*\),\1,'
+++ newval='-march=nocona -mtune=haswell -ftree-vectorize -fPIC -fstack-protector-strong -fno-plt -O2 -pipe'
++++ echo 'CFLAGS,-march=nocona -mtune=haswell -ftree-vectorize -fPIC -fstack-protector-strong -fno-plt -O2 -pipe'
++++ sed 's,^\([^\,]*\)\,.*,\1,'
+++ thing=CFLAGS
+++ '[' check = apply ']'
+++ for thing in $tc_nature,$tc_machine "$@"
+++ case "${thing}" in
++++ echo LDFLAGS,-Wl,-O2,--sort-common,--as-needed,-z,relro,-z,now
++++ sed 's,^[^\,]*\,\(.*\),\1,'
+++ newval=-Wl,-O2,--sort-common,--as-needed,-z,relro,-z,now
++++ echo LDFLAGS,-Wl,-O2,--sort-common,--as-needed,-z,relro,-z,now
++++ sed 's,^\([^\,]*\)\,.*,\1,'
+++ thing=LDFLAGS
+++ '[' check = apply ']'
+++ for thing in $tc_nature,$tc_machine "$@"
+++ case "${thing}" in
++++ echo 'DEBUG_CFLAGS,-march=nocona -mtune=haswell -ftree-vectorize -fPIC -fstack-protector-strong -fno-plt -O2 -pipe -Og -g -Wall -Wextra -fcheck=all -fbacktrace -fimplicit-none -fvar-tracking-assignments'
++++ sed 's,^[^\,]*\,\(.*\),\1,'
+++ newval='-march=nocona -mtune=haswell -ftree-vectorize -fPIC -fstack-protector-strong -fno-plt -O2 -pipe -Og -g -Wall -Wextra -fcheck=all -fbacktrace -fimplicit-none -fvar-tracking-assignments'
++++ echo 'DEBUG_CFLAGS,-march=nocona -mtune=haswell -ftree-vectorize -fPIC -fstack-protector-strong -fno-plt -O2 -pipe -Og -g -Wall -Wextra -fcheck=all -fbacktrace -fimplicit-none -fvar-tracking-assignments'
++++ sed 's,^\([^\,]*\)\,.*,\1,'
+++ thing=DEBUG_CFLAGS
+++ '[' check = apply ']'
+++ for pass in check apply
+++ for thing in $tc_nature,$tc_machine "$@"
+++ case "${thing}" in
++++ echo host,x86_64-conda_cos6-linux-gnu
++++ sed 's,^[^\,]*\,\(.*\),\1,'
+++ newval=x86_64-conda_cos6-linux-gnu
++++ echo host,x86_64-conda_cos6-linux-gnu
++++ sed 's,^\([^\,]*\)\,.*,\1,'
+++ thing=host
+++ '[' apply = apply ']'
++++ echo host
++++ tr a-z+- A-ZX_
+++ thing=HOST
+++ eval 'oldval=$HOST'
++++ oldval=x86_64-conda_cos6-linux-gnu
+++ '[' -n x86_64-conda_cos6-linux-gnu ']'
+++ eval export 'CONDA_BACKUP_'\''HOST'\''="x86_64-conda_cos6-linux-gnu"'
++++ export CONDA_BACKUP_HOST=x86_64-conda_cos6-linux-gnu
++++ CONDA_BACKUP_HOST=x86_64-conda_cos6-linux-gnu
+++ '[' -n x86_64-conda_cos6-linux-gnu ']'
+++ eval export ''\''HOST=x86_64-conda_cos6-linux-gnu'\'''
++++ export HOST=x86_64-conda_cos6-linux-gnu
++++ HOST=x86_64-conda_cos6-linux-gnu
+++ for thing in $tc_nature,$tc_machine "$@"
+++ case "${thing}" in
++++ which /nas/ucb/tutrinh/anaconda3/envs/ood/bin/x86_64-conda_cos6-linux-gnu-cc
+++ newval=/nas/ucb/tutrinh/anaconda3/envs/ood/bin/x86_64-conda_cos6-linux-gnu-cc
+++ '[' -z /nas/ucb/tutrinh/anaconda3/envs/ood/bin/x86_64-conda_cos6-linux-gnu-cc -a apply = check ']'
+++ '[' apply = apply ']'
++++ echo cc
++++ tr a-z+- A-ZX_
+++ thing=CC
+++ eval 'oldval=$CC'
++++ oldval=
+++ '[' -n '' ']'
+++ eval unset '${to}${thing}'
++++ unset CONDA_BACKUP_CC
+++ '[' -n /nas/ucb/tutrinh/anaconda3/envs/ood/bin/x86_64-conda_cos6-linux-gnu-cc ']'
+++ eval export ''\''CC=/nas/ucb/tutrinh/anaconda3/envs/ood/bin/x86_64-conda_cos6-linux-gnu-cc'\'''
++++ export CC=/nas/ucb/tutrinh/anaconda3/envs/ood/bin/x86_64-conda_cos6-linux-gnu-cc
++++ CC=/nas/ucb/tutrinh/anaconda3/envs/ood/bin/x86_64-conda_cos6-linux-gnu-cc
+++ for thing in $tc_nature,$tc_machine "$@"
+++ case "${thing}" in
++++ which /nas/ucb/tutrinh/anaconda3/envs/ood/bin/x86_64-conda_cos6-linux-gnu-cpp
+++ newval=/nas/ucb/tutrinh/anaconda3/envs/ood/bin/x86_64-conda_cos6-linux-gnu-cpp
+++ '[' -z /nas/ucb/tutrinh/anaconda3/envs/ood/bin/x86_64-conda_cos6-linux-gnu-cpp -a apply = check ']'
+++ '[' apply = apply ']'
++++ echo cpp
++++ tr a-z+- A-ZX_
+++ thing=CPP
+++ eval 'oldval=$CPP'
++++ oldval=
+++ '[' -n '' ']'
+++ eval unset '${to}${thing}'
++++ unset CONDA_BACKUP_CPP
+++ '[' -n /nas/ucb/tutrinh/anaconda3/envs/ood/bin/x86_64-conda_cos6-linux-gnu-cpp ']'
+++ eval export ''\''CPP=/nas/ucb/tutrinh/anaconda3/envs/ood/bin/x86_64-conda_cos6-linux-gnu-cpp'\'''
++++ export CPP=/nas/ucb/tutrinh/anaconda3/envs/ood/bin/x86_64-conda_cos6-linux-gnu-cpp
++++ CPP=/nas/ucb/tutrinh/anaconda3/envs/ood/bin/x86_64-conda_cos6-linux-gnu-cpp
+++ for thing in $tc_nature,$tc_machine "$@"
+++ case "${thing}" in
++++ which /nas/ucb/tutrinh/anaconda3/envs/ood/bin/x86_64-conda_cos6-linux-gnu-gcc
+++ newval=/nas/ucb/tutrinh/anaconda3/envs/ood/bin/x86_64-conda_cos6-linux-gnu-gcc
+++ '[' -z /nas/ucb/tutrinh/anaconda3/envs/ood/bin/x86_64-conda_cos6-linux-gnu-gcc -a apply = check ']'
+++ '[' apply = apply ']'
++++ echo gcc
++++ tr a-z+- A-ZX_
+++ thing=GCC
+++ eval 'oldval=$GCC'
++++ oldval=
+++ '[' -n '' ']'
+++ eval unset '${to}${thing}'
++++ unset CONDA_BACKUP_GCC
+++ '[' -n /nas/ucb/tutrinh/anaconda3/envs/ood/bin/x86_64-conda_cos6-linux-gnu-gcc ']'
+++ eval export ''\''GCC=/nas/ucb/tutrinh/anaconda3/envs/ood/bin/x86_64-conda_cos6-linux-gnu-gcc'\'''
++++ export GCC=/nas/ucb/tutrinh/anaconda3/envs/ood/bin/x86_64-conda_cos6-linux-gnu-gcc
++++ GCC=/nas/ucb/tutrinh/anaconda3/envs/ood/bin/x86_64-conda_cos6-linux-gnu-gcc
+++ for thing in $tc_nature,$tc_machine "$@"
+++ case "${thing}" in
++++ which /nas/ucb/tutrinh/anaconda3/envs/ood/bin/x86_64-conda_cos6-linux-gnu-gcc-ar
+++ newval=/nas/ucb/tutrinh/anaconda3/envs/ood/bin/x86_64-conda_cos6-linux-gnu-gcc-ar
+++ '[' -z /nas/ucb/tutrinh/anaconda3/envs/ood/bin/x86_64-conda_cos6-linux-gnu-gcc-ar -a apply = check ']'
+++ '[' apply = apply ']'
++++ echo gcc-ar
++++ tr a-z+- A-ZX_
+++ thing=GCC_AR
+++ eval 'oldval=$GCC_AR'
++++ oldval=
+++ '[' -n '' ']'
+++ eval unset '${to}${thing}'
++++ unset CONDA_BACKUP_GCC_AR
+++ '[' -n /nas/ucb/tutrinh/anaconda3/envs/ood/bin/x86_64-conda_cos6-linux-gnu-gcc-ar ']'
+++ eval export ''\''GCC_AR=/nas/ucb/tutrinh/anaconda3/envs/ood/bin/x86_64-conda_cos6-linux-gnu-gcc-ar'\'''
++++ export GCC_AR=/nas/ucb/tutrinh/anaconda3/envs/ood/bin/x86_64-conda_cos6-linux-gnu-gcc-ar
++++ GCC_AR=/nas/ucb/tutrinh/anaconda3/envs/ood/bin/x86_64-conda_cos6-linux-gnu-gcc-ar
+++ for thing in $tc_nature,$tc_machine "$@"
+++ case "${thing}" in
++++ which /nas/ucb/tutrinh/anaconda3/envs/ood/bin/x86_64-conda_cos6-linux-gnu-gcc-nm
+++ newval=/nas/ucb/tutrinh/anaconda3/envs/ood/bin/x86_64-conda_cos6-linux-gnu-gcc-nm
+++ '[' -z /nas/ucb/tutrinh/anaconda3/envs/ood/bin/x86_64-conda_cos6-linux-gnu-gcc-nm -a apply = check ']'
+++ '[' apply = apply ']'
++++ echo gcc-nm
++++ tr a-z+- A-ZX_
+++ thing=GCC_NM
+++ eval 'oldval=$GCC_NM'
++++ oldval=
+++ '[' -n '' ']'
+++ eval unset '${to}${thing}'
++++ unset CONDA_BACKUP_GCC_NM
+++ '[' -n /nas/ucb/tutrinh/anaconda3/envs/ood/bin/x86_64-conda_cos6-linux-gnu-gcc-nm ']'
+++ eval export ''\''GCC_NM=/nas/ucb/tutrinh/anaconda3/envs/ood/bin/x86_64-conda_cos6-linux-gnu-gcc-nm'\'''
++++ export GCC_NM=/nas/ucb/tutrinh/anaconda3/envs/ood/bin/x86_64-conda_cos6-linux-gnu-gcc-nm
++++ GCC_NM=/nas/ucb/tutrinh/anaconda3/envs/ood/bin/x86_64-conda_cos6-linux-gnu-gcc-nm
+++ for thing in $tc_nature,$tc_machine "$@"
+++ case "${thing}" in
++++ which /nas/ucb/tutrinh/anaconda3/envs/ood/bin/x86_64-conda_cos6-linux-gnu-gcc-ranlib
+++ newval=/nas/ucb/tutrinh/anaconda3/envs/ood/bin/x86_64-conda_cos6-linux-gnu-gcc-ranlib
+++ '[' -z /nas/ucb/tutrinh/anaconda3/envs/ood/bin/x86_64-conda_cos6-linux-gnu-gcc-ranlib -a apply = check ']'
+++ '[' apply = apply ']'
++++ echo gcc-ranlib
++++ tr a-z+- A-ZX_
+++ thing=GCC_RANLIB
+++ eval 'oldval=$GCC_RANLIB'
++++ oldval=
+++ '[' -n '' ']'
+++ eval unset '${to}${thing}'
++++ unset CONDA_BACKUP_GCC_RANLIB
+++ '[' -n /nas/ucb/tutrinh/anaconda3/envs/ood/bin/x86_64-conda_cos6-linux-gnu-gcc-ranlib ']'
+++ eval export ''\''GCC_RANLIB=/nas/ucb/tutrinh/anaconda3/envs/ood/bin/x86_64-conda_cos6-linux-gnu-gcc-ranlib'\'''
++++ export GCC_RANLIB=/nas/ucb/tutrinh/anaconda3/envs/ood/bin/x86_64-conda_cos6-linux-gnu-gcc-ranlib
++++ GCC_RANLIB=/nas/ucb/tutrinh/anaconda3/envs/ood/bin/x86_64-conda_cos6-linux-gnu-gcc-ranlib
+++ for thing in $tc_nature,$tc_machine "$@"
+++ case "${thing}" in
++++ echo 'CPPFLAGS,-D_FORTIFY_SOURCE=2 -O2'
++++ sed 's,^[^\,]*\,\(.*\),\1,'
+++ newval='-D_FORTIFY_SOURCE=2 -O2'
++++ echo 'CPPFLAGS,-D_FORTIFY_SOURCE=2 -O2'
++++ sed 's,^\([^\,]*\)\,.*,\1,'
+++ thing=CPPFLAGS
+++ '[' apply = apply ']'
++++ echo CPPFLAGS
++++ tr a-z+- A-ZX_
+++ thing=CPPFLAGS
+++ eval 'oldval=$CPPFLAGS'
++++ oldval=
+++ '[' -n '' ']'
+++ eval unset '${to}${thing}'
++++ unset CONDA_BACKUP_CPPFLAGS
+++ '[' -n '-D_FORTIFY_SOURCE=2 -O2' ']'
+++ eval export ''\''CPPFLAGS=-D_FORTIFY_SOURCE=2 -O2'\'''
++++ export 'CPPFLAGS=-D_FORTIFY_SOURCE=2 -O2'
++++ CPPFLAGS='-D_FORTIFY_SOURCE=2 -O2'
+++ for thing in $tc_nature,$tc_machine "$@"
+++ case "${thing}" in
++++ echo 'CFLAGS,-march=nocona -mtune=haswell -ftree-vectorize -fPIC -fstack-protector-strong -fno-plt -O2 -pipe'
++++ sed 's,^[^\,]*\,\(.*\),\1,'
+++ newval='-march=nocona -mtune=haswell -ftree-vectorize -fPIC -fstack-protector-strong -fno-plt -O2 -pipe'
++++ echo 'CFLAGS,-march=nocona -mtune=haswell -ftree-vectorize -fPIC -fstack-protector-strong -fno-plt -O2 -pipe'
++++ sed 's,^\([^\,]*\)\,.*,\1,'
+++ thing=CFLAGS
+++ '[' apply = apply ']'
++++ echo CFLAGS
++++ tr a-z+- A-ZX_
+++ thing=CFLAGS
+++ eval 'oldval=$CFLAGS'
++++ oldval=
+++ '[' -n '' ']'
+++ eval unset '${to}${thing}'
++++ unset CONDA_BACKUP_CFLAGS
+++ '[' -n '-march=nocona -mtune=haswell -ftree-vectorize -fPIC -fstack-protector-strong -fno-plt -O2 -pipe' ']'
+++ eval export ''\''CFLAGS=-march=nocona -mtune=haswell -ftree-vectorize -fPIC -fstack-protector-strong -fno-plt -O2 -pipe'\'''
++++ export 'CFLAGS=-march=nocona -mtune=haswell -ftree-vectorize -fPIC -fstack-protector-strong -fno-plt -O2 -pipe'
++++ CFLAGS='-march=nocona -mtune=haswell -ftree-vectorize -fPIC -fstack-protector-strong -fno-plt -O2 -pipe'
+++ for thing in $tc_nature,$tc_machine "$@"
+++ case "${thing}" in
++++ echo LDFLAGS,-Wl,-O2,--sort-common,--as-needed,-z,relro,-z,now
++++ sed 's,^[^\,]*\,\(.*\),\1,'
+++ newval=-Wl,-O2,--sort-common,--as-needed,-z,relro,-z,now
++++ echo LDFLAGS,-Wl,-O2,--sort-common,--as-needed,-z,relro,-z,now
++++ sed 's,^\([^\,]*\)\,.*,\1,'
+++ thing=LDFLAGS
+++ '[' apply = apply ']'
++++ echo LDFLAGS
++++ tr a-z+- A-ZX_
+++ thing=LDFLAGS
+++ eval 'oldval=$LDFLAGS'
++++ oldval=
+++ '[' -n '' ']'
+++ eval unset '${to}${thing}'
++++ unset CONDA_BACKUP_LDFLAGS
+++ '[' -n -Wl,-O2,--sort-common,--as-needed,-z,relro,-z,now ']'
+++ eval export ''\''LDFLAGS=-Wl,-O2,--sort-common,--as-needed,-z,relro,-z,now'\'''
++++ export LDFLAGS=-Wl,-O2,--sort-common,--as-needed,-z,relro,-z,now
++++ LDFLAGS=-Wl,-O2,--sort-common,--as-needed,-z,relro,-z,now
+++ for thing in $tc_nature,$tc_machine "$@"
+++ case "${thing}" in
++++ echo 'DEBUG_CFLAGS,-march=nocona -mtune=haswell -ftree-vectorize -fPIC -fstack-protector-strong -fno-plt -O2 -pipe -Og -g -Wall -Wextra -fcheck=all -fbacktrace -fimplicit-none -fvar-tracking-assignments'
++++ sed 's,^[^\,]*\,\(.*\),\1,'
+++ newval='-march=nocona -mtune=haswell -ftree-vectorize -fPIC -fstack-protector-strong -fno-plt -O2 -pipe -Og -g -Wall -Wextra -fcheck=all -fbacktrace -fimplicit-none -fvar-tracking-assignments'
++++ echo 'DEBUG_CFLAGS,-march=nocona -mtune=haswell -ftree-vectorize -fPIC -fstack-protector-strong -fno-plt -O2 -pipe -Og -g -Wall -Wextra -fcheck=all -fbacktrace -fimplicit-none -fvar-tracking-assignments'
++++ sed 's,^\([^\,]*\)\,.*,\1,'
+++ thing=DEBUG_CFLAGS
+++ '[' apply = apply ']'
++++ echo DEBUG_CFLAGS
++++ tr a-z+- A-ZX_
+++ thing=DEBUG_CFLAGS
+++ eval 'oldval=$DEBUG_CFLAGS'
++++ oldval=
+++ '[' -n '' ']'
+++ eval unset '${to}${thing}'
++++ unset CONDA_BACKUP_DEBUG_CFLAGS
+++ '[' -n '-march=nocona -mtune=haswell -ftree-vectorize -fPIC -fstack-protector-strong -fno-plt -O2 -pipe -Og -g -Wall -Wextra -fcheck=all -fbacktrace -fimplicit-none -fvar-tracking-assignments' ']'
+++ eval export ''\''DEBUG_CFLAGS=-march=nocona -mtune=haswell -ftree-vectorize -fPIC -fstack-protector-strong -fno-plt -O2 -pipe -Og -g -Wall -Wextra -fcheck=all -fbacktrace -fimplicit-none -fvar-tracking-assignments'\'''
++++ export 'DEBUG_CFLAGS=-march=nocona -mtune=haswell -ftree-vectorize -fPIC -fstack-protector-strong -fno-plt -O2 -pipe -Og -g -Wall -Wextra -fcheck=all -fbacktrace -fimplicit-none -fvar-tracking-assignments'
++++ DEBUG_CFLAGS='-march=nocona -mtune=haswell -ftree-vectorize -fPIC -fstack-protector-strong -fno-plt -O2 -pipe -Og -g -Wall -Wextra -fcheck=all -fbacktrace -fimplicit-none -fvar-tracking-assignments'
+++ return 0
+++ '[' 0 -ne 0 ']'
+++ env
++++ _get_sourced_filename
++++ '[' -n /nas/ucb/tutrinh/anaconda3/envs/ood/etc/conda/activate.d/activate-gcc_linux-64.sh ']'
++++ basename /nas/ucb/tutrinh/anaconda3/envs/ood/etc/conda/activate.d/activate-gcc_linux-64.sh
+++ echo 'INFO: activate-gcc_linux-64.sh made the following environmental changes:'
INFO: activate-gcc_linux-64.sh made the following environmental changes:
+++ diff -U 0 -rN /tmp/old-env-2305678.txt /tmp/new-env-2305678.txt
+++ tail -n +4
+++ grep '^-.*\|^+.*'
+++ sort
+++ grep -v CONDA_BACKUP_
+CC=/nas/ucb/tutrinh/anaconda3/envs/ood/bin/x86_64-conda_cos6-linux-gnu-cc
+CFLAGS=-march=nocona -mtune=haswell -ftree-vectorize -fPIC -fstack-protector-strong -fno-plt -O2 -pipe
+CPPFLAGS=-D_FORTIFY_SOURCE=2 -O2
+CPP=/nas/ucb/tutrinh/anaconda3/envs/ood/bin/x86_64-conda_cos6-linux-gnu-cpp
+DEBUG_CFLAGS=-march=nocona -mtune=haswell -ftree-vectorize -fPIC -fstack-protector-strong -fno-plt -O2 -pipe -Og -g -Wall -Wextra -fcheck=all -fbacktrace -fimplicit-none -fvar-tracking-assignments
+GCC_AR=/nas/ucb/tutrinh/anaconda3/envs/ood/bin/x86_64-conda_cos6-linux-gnu-gcc-ar
+GCC=/nas/ucb/tutrinh/anaconda3/envs/ood/bin/x86_64-conda_cos6-linux-gnu-gcc
+GCC_NM=/nas/ucb/tutrinh/anaconda3/envs/ood/bin/x86_64-conda_cos6-linux-gnu-gcc-nm
+GCC_RANLIB=/nas/ucb/tutrinh/anaconda3/envs/ood/bin/x86_64-conda_cos6-linux-gnu-gcc-ranlib
+LDFLAGS=-Wl,-O2,--sort-common,--as-needed,-z,relro,-z,now
++ . /nas/ucb/tutrinh/anaconda3/envs/ood/etc/conda/activate.d/glib_activate.sh
+++ export GSETTINGS_SCHEMA_DIR_CONDA_BACKUP=
+++ GSETTINGS_SCHEMA_DIR_CONDA_BACKUP=
+++ export GSETTINGS_SCHEMA_DIR=/nas/ucb/tutrinh/anaconda3/envs/ood/share/glib-2.0/schemas
+++ GSETTINGS_SCHEMA_DIR=/nas/ucb/tutrinh/anaconda3/envs/ood/share/glib-2.0/schemas
+ __conda_hashr
+ '[' -n '' ']'
+ '[' -n '' ']'
+ hash -r
+ wandb login 4a6017fc91542ffdb82ee3d6213e9cf0c11fd892
wandb: Appending key for api.wandb.ai to your netrc file: /home/tutrinh/.netrc
+ export CUDA_LAUNCH_BLOCKING=1
+ CUDA_LAUNCH_BLOCKING=1
+ cd /nas/ucb/tutrinh/train-procgen-pytorch
+ export PYTHONPATH=:/nas/ucb/tutrinh/train-procgen-pytorch
+ PYTHONPATH=:/nas/ucb/tutrinh/train-procgen-pytorch
+ python3 train.py --env_name coinrun --exp_name fewer_actions_store_percentiles --num_levels 100000 --distribution_mode hard --param_name hard-500 --num_timesteps 200000000 --save_timesteps 390625 781250 1562500 3125000 6250000 10000000 12500000 20000000 25000000 30000000 40000000 50000000 60000000 70000000 80000000 90000000 100000000 110000000 120000000 130000000 140000000 150000000 160000000 170000000 180000000 190000000 200000000 --seed 6033 --random_percent 0
SAVING AT TIMESTEPS: [390625, 781250, 1562500, 3125000, 6250000, 10000000, 12500000, 20000000, 25000000, 30000000, 40000000, 50000000, 60000000, 70000000, 80000000, 90000000, 100000000, 110000000, 120000000, 130000000, 140000000, 150000000, 160000000, 170000000, 180000000, 190000000, 200000000]
[LOADING HYPERPARAMETERS...]
algo : ppo
n_envs : 256
n_steps : 256
epoch : 3
mini_batch_per_epoch : 8
mini_batch_size : 8192
gamma : 0.999
lmbda : 0.95
learning_rate : 0.0005
grad_clip_norm : 0.5
eps_clip : 0.2
value_coef : 0.5
entropy_coef : 0.01
normalize_adv : True
normalize_rew : True
use_gae : True
architecture : impala
recurrent : False
INITIALIZAING ENVIRONMENTS...
building procgen...slurmstepd: error: *** JOB 330843 ON rlhf.ist.berkeley.edu CANCELLED AT 2024-05-24T09:43:41 ***
